Sign,Free,Interact,"dimanche 2 juin 2013 20 h 45 CEST","eyesofcreeper","","","","eyesofcreeper",64,MAP,0,"world",-14,63,38,
Sign,Free,Interact,"dimanche 2 juin 2013 20 h 46 CEST","eyesofcreeper","","","","eyesofcreeper",64,MAP,0,"world",-14,63,38,
Sign,Free,Interact,"dimanche 2 juin 2013 20 h 47 CEST","eyesofcreeper","","","","eyesofcreeper",64,MAP,0,"world",-14,63,38,
Sign,Free,Interact,"dimanche 2 juin 2013 20 h 49 CEST","eyesofcreeper","","","","eyesofcreeper",64,MAP,0,"world",-14,63,38,
Sign,Free,Interact,"dimanche 2 juin 2013 20 h 49 CEST","eyesofcreeper","","","","eyesofcreeper",64,MAP,0,"world",-14,63,38,
Sign,Spawnmob,Interact,"vendredi 5 juillet 2013 00 h 12 CEST","eyesofcreeper","","","","eyesofcreeper",50,money,$,"world",9175,72,9549,
Sign,Spawnmob,Interact,"vendredi 5 juillet 2013 10 h 01 CEST","eyesofcreeper","","","","eyesofcreeper",50,money,$,"world",9175,72,9549,
Sign,Repair,Interact,"vendredi 5 juillet 2013 10 h 18 CEST","alexd124641","","","","alexd124641",100,money,$,"world",9175,72,9550,
Sign,Repair,Interact,"vendredi 5 juillet 2013 10 h 19 CEST","alexd124641","","","","alexd124641",100,money,$,"world",9175,72,9550,
Sign,Heal,Interact,"vendredi 5 juillet 2013 10 h 29 CEST","Gumknuckles","","","","Gumknuckles",10,money,$,"world",9175,73,9549,
Sign,Heal,Interact,"vendredi 5 juillet 2013 10 h 44 CEST","eyesofcreeper","","","","eyesofcreeper",10,money,$,"world",9175,73,9549,
Sign,Enchant,Interact,"vendredi 5 juillet 2013 11 h 18 CEST","eyesofcreeper",500,money,$,"eyesofcreeper",500,money,$,"world",9175,73,9550,
Sign,Repair,Interact,"vendredi 5 juillet 2013 11 h 18 CEST","Donuts","","","","Donuts",100,money,$,"world",9175,72,9550,
Sign,Spawnmob,Interact,"vendredi 5 juillet 2013 11 h 23 CEST","Donuts","","","","Donuts",50,money,$,"world",9175,72,9549,
Sign,Heal,Interact,"vendredi 5 juillet 2013 12 h 02 CEST","StarBlizzien9","","","","StarBlizzien9",10,money,$,"world",9175,73,9549,
Sign,Heal,Interact,"vendredi 5 juillet 2013 12 h 03 CEST","StarBlizzien9","","","","StarBlizzien9",10,money,$,"world",9175,73,9549,
Sign,Heal,Interact,"vendredi 5 juillet 2013 12 h 48 CEST","eyesofcreeper","","","","eyesofcreeper",10,money,$,"world_nether",60,98,-58,
Sign,Heal,Interact,"vendredi 5 juillet 2013 12 h 48 CEST","eyesofcreeper","","","","eyesofcreeper",10,money,$,"world_nether",60,98,-58,
Sign,Heal,Interact,"vendredi 5 juillet 2013 12 h 50 CEST","eyesofcreeper","","","","eyesofcreeper",10,money,$,"world_nether",63,100,-40,
Sign,Heal,Interact,"vendredi 5 juillet 2013 12 h 51 CEST","Goow","","","","Goow",10,money,$,"world_nether",67,100,-40,
Sign,Repair,Interact,"vendredi 5 juillet 2013 12 h 51 CEST","Goow","","","","Goow",100,money,$,"world_nether",65,100,-40,
Sign,Repair,Interact,"vendredi 5 juillet 2013 12 h 51 CEST","eyesofcreeper","","","","eyesofcreeper",100,money,$,"world_nether",64,98,-40,
Sign,Heal,Interact,"vendredi 5 juillet 2013 12 h 51 CEST","Goow","","","","Goow",10,money,$,"world_nether",75,100,-48,
Sign,Repair,Interact,"vendredi 5 juillet 2013 12 h 52 CEST","eyesofcreeper","","","","eyesofcreeper",100,money,$,"world_nether",57,100,-52,
Sign,Heal,Interact,"vendredi 5 juillet 2013 12 h 52 CEST","eyesofcreeper","","","","eyesofcreeper",10,money,$,"world_nether",60,98,-58,
Sign,Repair,Interact,"vendredi 5 juillet 2013 12 h 54 CEST","Goow","","","","Goow",100,money,$,"world_nether",60,101,-58,
Sign,Repair,Interact,"vendredi 5 juillet 2013 12 h 58 CEST","antonyot","","","","antonyot",100,money,$,"world_nether",66,98,-49,
Sign,Heal,Interact,"vendredi 5 juillet 2013 12 h 59 CEST","Goow","","","","Goow",10,money,$,"world_nether",64,99,-50,
Sign,Heal,Interact,"vendredi 5 juillet 2013 12 h 59 CEST","Goow","","","","Goow",10,money,$,"world_nether",64,99,-50,
Sign,Repair,Interact,"vendredi 5 juillet 2013 13 h 00 CEST","antonyot","","","","antonyot",100,money,$,"world_nether",57,100,-49,
Sign,Repair,Interact,"vendredi 5 juillet 2013 13 h 00 CEST","eyesofcreeper","","","","eyesofcreeper",100,money,$,"world_nether",75,99,-53,
Sign,Repair,Interact,"vendredi 5 juillet 2013 13 h 00 CEST","teteodores","","","","teteodores",100,money,$,"world_nether",75,99,-53,
Sign,Heal,Interact,"vendredi 5 juillet 2013 13 h 01 CEST","teteodores","","","","teteodores",10,money,$,"world_nether",75,98,-57,
Sign,Repair,Interact,"vendredi 5 juillet 2013 13 h 04 CEST","eyesofcreeper","","","","eyesofcreeper",100,money,$,"world_nether",72,97,-40,
Sign,Heal,Interact,"vendredi 5 juillet 2013 13 h 04 CEST","eyesofcreeper","","","","eyesofcreeper",10,money,$,"world_nether",64,99,-50,
Sign,Heal,Interact,"vendredi 5 juillet 2013 13 h 05 CEST","Goow","","","","Goow",10,money,$,"world_nether",75,98,-57,
Sign,Heal,Interact,"vendredi 5 juillet 2013 13 h 05 CEST","Goow","","","","Goow",10,money,$,"world_nether",75,98,-57,
Sign,Heal,Interact,"vendredi 5 juillet 2013 13 h 05 CEST","Goow","","","","Goow",10,money,$,"world_nether",75,98,-57,
Sign,Heal,Interact,"vendredi 5 juillet 2013 13 h 06 CEST","antonyot","","","","antonyot",10,money,$,"world_nether",64,99,-50,
Sign,Repair,Interact,"vendredi 5 juillet 2013 13 h 06 CEST","antonyot","","","","antonyot",100,money,$,"world_nether",66,98,-49,
Sign,Heal,Interact,"vendredi 5 juillet 2013 13 h 08 CEST","Goow","","","","Goow",10,money,$,"world_nether",63,103,-58,
Sign,Repair,Interact,"vendredi 5 juillet 2013 13 h 15 CEST","Nintori","","","","Nintori",100,money,$,"world_nether",66,98,-49,
Sign,Repair,Interact,"vendredi 5 juillet 2013 13 h 15 CEST","Nintori","","","","Nintori",100,money,$,"world_nether",66,98,-49,
Sign,Heal,Interact,"vendredi 5 juillet 2013 14 h 56 CEST","Erico","","","","Erico",10,money,$,"world",9175,73,9549,
Sign,Heal,Interact,"vendredi 5 juillet 2013 14 h 58 CEST","Erico","","","","Erico",10,money,$,"world",9175,73,9549,
Sign,Spawnmob,Interact,"vendredi 5 juillet 2013 14 h 59 CEST","Erico","","","","Erico",50,money,$,"world",9175,72,9549,
Sign,Spawnmob,Interact,"vendredi 5 juillet 2013 15 h 10 CEST","Erico","","","","Erico",50,money,$,"world",9175,72,9549,
Sign,Enchant,Interact,"vendredi 5 juillet 2013 15 h 31 CEST","wolf2233",500,money,$,"wolf2233",500,money,$,"world",9175,73,9550,
Sign,Repair,Interact,"vendredi 5 juillet 2013 15 h 33 CEST","TouchMiaouuu","","","","TouchMiaouuu",100,money,$,"world_nether",67,100,-58,
Sign,Heal,Interact,"vendredi 5 juillet 2013 15 h 33 CEST","TouchMiaouuu","","","","TouchMiaouuu",10,money,$,"world_nether",67,100,-40,
Sign,Heal,Interact,"vendredi 5 juillet 2013 15 h 34 CEST","Nintori","","","","Nintori",10,money,$,"world_nether",57,98,-42,
Sign,Repair,Interact,"vendredi 5 juillet 2013 16 h 09 CEST","Nintori","","","","Nintori",100,money,$,"world_nether",64,98,-40,
Sign,Heal,Interact,"vendredi 5 juillet 2013 16 h 47 CEST","MrDIdix21","","","","MrDIdix21",10,money,$,"world",9175,73,9549,
Sign,Heal,Interact,"vendredi 5 juillet 2013 16 h 47 CEST","MrDIdix21","","","","MrDIdix21",10,money,$,"world",9175,73,9549,
Sign,Heal,Interact,"vendredi 5 juillet 2013 16 h 48 CEST","MrDIdix21","","","","MrDIdix21",10,money,$,"world",9175,73,9549,
Sign,Heal,Interact,"vendredi 5 juillet 2013 18 h 06 CEST","crafter","","","","crafter",10,money,$,"world_nether",63,97,-58,
Sign,Heal,Interact,"vendredi 5 juillet 2013 19 h 13 CEST","dadidou5","","","","dadidou5",10,money,$,"world",9175,73,9549,
Sign,Heal,Interact,"vendredi 5 juillet 2013 20 h 18 CEST","fireagle202","","","","fireagle202",10,money,$,"world",9175,73,9549,
Sign,Heal,Interact,"vendredi 5 juillet 2013 22 h 33 CEST","auguste78","","","","auguste78",10,money,$,"world",9175,73,9549,
Sign,Repair,Interact,"samedi 6 juillet 2013 00 h 26 CEST","cheyen","","","","cheyen",100,money,$,"world",9175,72,9550,
Sign,Repair,Interact,"samedi 6 juillet 2013 00 h 26 CEST","cheyen","","","","cheyen",100,money,$,"world",9175,72,9550,
Sign,Heal,Interact,"samedi 6 juillet 2013 02 h 29 CEST","mr_Joker_ksa2","","","","mr_Joker_ksa2",10,money,$,"world_nether",64,99,-50,
Sign,Heal,Interact,"samedi 6 juillet 2013 02 h 29 CEST","mr_Joker_ksa2","","","","mr_Joker_ksa2",10,money,$,"world_nether",64,99,-50,
Sign,Heal,Interact,"samedi 6 juillet 2013 02 h 30 CEST","azaz","","","","azaz",10,money,$,"world",9175,73,9549,
Sign,Heal,Interact,"samedi 6 juillet 2013 02 h 30 CEST","azaz","","","","azaz",10,money,$,"world",9175,73,9549,
Sign,Enchant,Interact,"samedi 6 juillet 2013 09 h 07 CEST","Azetor",500,money,$,"Azetor",500,money,$,"world",9175,73,9550,
Sign,Heal,Interact,"samedi 6 juillet 2013 11 h 12 CEST","ricardosterma","","","","ricardosterma",10,money,$,"world",9175,73,9549,
Sign,Enchant,Interact,"samedi 6 juillet 2013 11 h 37 CEST","Nintori",500,money,$,"Nintori",500,money,$,"world",9175,73,9550,
Sign,Repair,Interact,"samedi 6 juillet 2013 11 h 37 CEST","cheyen","","","","cheyen",100,money,$,"world",9175,72,9550,
Sign,Repair,Interact,"samedi 6 juillet 2013 11 h 37 CEST","Nintori","","","","Nintori",100,money,$,"world",9175,72,9550,
Sign,Repair,Interact,"samedi 6 juillet 2013 11 h 37 CEST","Nintori","","","","Nintori",100,money,$,"world",9175,72,9550,
Sign,Enchant,Interact,"samedi 6 juillet 2013 11 h 55 CEST","cheyen",500,money,$,"cheyen",500,money,$,"world",9175,73,9550,
Sign,Heal,Interact,"samedi 6 juillet 2013 12 h 45 CEST","wolf2233","","","","wolf2233",10,money,$,"world",9175,73,9549,
Sign,Repair,Interact,"samedi 6 juillet 2013 13 h 59 CEST","cheyen","","","","cheyen",100,money,$,"world",9175,72,9550,
Sign,Heal,Interact,"samedi 6 juillet 2013 14 h 22 CEST","abdulla123","","","","abdulla123",10,money,$,"world_nether",64,99,-50,
Sign,Repair,Interact,"samedi 6 juillet 2013 15 h 20 CEST","cheyen","","","","cheyen",100,money,$,"world",9175,72,9550,
Sign,Heal,Interact,"samedi 6 juillet 2013 16 h 42 CEST","petitlapinros","","","","petitlapinros",10,money,$,"world",9175,73,9549,
Sign,Heal,Interact,"samedi 6 juillet 2013 17 h 32 CEST","olivier57220","","","","olivier57220",10,money,$,"world",9175,73,9549,
Sign,Enchant,Interact,"samedi 6 juillet 2013 21 h 53 CEST","Kirihara_Yuka",500,money,$,"Kirihara_Yuka",500,money,$,"world",9175,73,9550,
Sign,Repair,Interact,"samedi 6 juillet 2013 21 h 54 CEST","Kirihara_Yuka","","","","Kirihara_Yuka",100,money,$,"world",9175,72,9550,
Sign,Repair,Interact,"samedi 6 juillet 2013 22 h 20 CEST","antonyot","","","","antonyot",100,money,$,"world",9175,72,9550,
Sign,Repair,Interact,"dimanche 7 juillet 2013 00 h 55 CEST","Kirihara_Yuka","","","","Kirihara_Yuka",100,money,$,"world",9175,72,9550,
Sign,Repair,Interact,"dimanche 7 juillet 2013 09 h 41 CEST","Nintori","","","","Nintori",100,money,$,"world_nether",57,98,-41,
Sign,Repair,Interact,"dimanche 7 juillet 2013 09 h 41 CEST","auguste78","","","","auguste78",100,money,$,"world_nether",57,98,-41,
Sign,Heal,Interact,"dimanche 7 juillet 2013 09 h 42 CEST","Nintori","","","","Nintori",10,money,$,"world_nether",57,98,-55,
Sign,Repair,Interact,"dimanche 7 juillet 2013 14 h 13 CEST","cheyen","","","","cheyen",100,money,$,"world",9175,72,9550,
Sign,Heal,Interact,"dimanche 7 juillet 2013 15 h 08 CEST","fsol77","","","","fsol77",10,money,$,"world_nether",64,99,-50,
Sign,Heal,Interact,"dimanche 7 juillet 2013 15 h 08 CEST","fsol77","","","","fsol77",10,money,$,"world_nether",64,99,-50,
Sign,Repair,Interact,"dimanche 7 juillet 2013 17 h 21 CEST","cheyen","","","","cheyen",100,money,$,"world",9175,72,9550,
Sign,Repair,Interact,"dimanche 7 juillet 2013 17 h 54 CEST","petitlapinros","","","","petitlapinros",100,money,$,"world",9175,72,9550,
Sign,Repair,Interact,"dimanche 7 juillet 2013 17 h 55 CEST","petitlapinros","","","","petitlapinros",100,money,$,"world",9175,72,9550,
Sign,Repair,Interact,"dimanche 7 juillet 2013 17 h 58 CEST","Kirihara_Yuka","","","","Kirihara_Yuka",100,money,$,"world",9175,72,9550,
Sign,Heal,Interact,"dimanche 7 juillet 2013 20 h 24 CEST","DoDzJaber","","","","DoDzJaber",10,money,$,"world_nether",75,98,-57,
Sign,Heal,Interact,"dimanche 7 juillet 2013 20 h 24 CEST","DoDzJaber","","","","DoDzJaber",10,money,$,"world_nether",75,98,-57,
Sign,Heal,Interact,"dimanche 7 juillet 2013 20 h 24 CEST","DoDzJaber","","","","DoDzJaber",10,money,$,"world_nether",75,98,-57,
Sign,Heal,Interact,"dimanche 7 juillet 2013 20 h 24 CEST","DoDzJaber","","","","DoDzJaber",10,money,$,"world_nether",75,98,-57,
Sign,Heal,Interact,"dimanche 7 juillet 2013 20 h 24 CEST","DoDzJaber","","","","DoDzJaber",10,money,$,"world_nether",75,98,-57,
Sign,Heal,Interact,"dimanche 7 juillet 2013 20 h 24 CEST","DoDzJaber","","","","DoDzJaber",10,money,$,"world_nether",64,99,-50,
Sign,Heal,Interact,"dimanche 7 juillet 2013 20 h 24 CEST","DoDzJaber","","","","DoDzJaber",10,money,$,"world_nether",64,99,-50,
Sign,Heal,Interact,"dimanche 7 juillet 2013 20 h 24 CEST","DoDzJaber","","","","DoDzJaber",10,money,$,"world_nether",64,99,-50,
Sign,Heal,Interact,"dimanche 7 juillet 2013 20 h 24 CEST","DoDzJaber","","","","DoDzJaber",10,money,$,"world_nether",64,99,-50,
Sign,Heal,Interact,"dimanche 7 juillet 2013 20 h 24 CEST","DoDzJaber","","","","DoDzJaber",10,money,$,"world_nether",64,99,-50,
Sign,Enchant,Interact,"lundi 8 juillet 2013 09 h 58 CEST","auguste78",500,money,$,"auguste78",500,money,$,"world",9175,73,9550,
Sign,Heal,Interact,"lundi 8 juillet 2013 23 h 11 CEST","Gumknuckles","","","","Gumknuckles",10,money,$,"world",9175,73,9549,
Sign,Enchant,Interact,"lundi 8 juillet 2013 23 h 11 CEST","Gumknuckles",500,money,$,"Gumknuckles",500,money,$,"world",9175,73,9550,
Sign,Heal,Interact,"mardi 9 juillet 2013 11 h 36 CEST","Gumknuckles","","","","Gumknuckles",10,money,$,"world",9175,73,9549,
Sign,Enchant,Interact,"mardi 9 juillet 2013 16 h 46 CEST","Izy_Style",500,money,$,"Izy_Style",500,money,$,"world",9175,73,9550,
Sign,Heal,Interact,"mardi 9 juillet 2013 18 h 11 CEST","agorus","","","","agorus",10,money,$,"world",9175,73,9549,
Sign,Heal,Interact,"mardi 9 juillet 2013 18 h 11 CEST","agorus","","","","agorus",10,money,$,"world",9175,73,9549,
Sign,Heal,Interact,"mardi 9 juillet 2013 18 h 11 CEST","agorus","","","","agorus",10,money,$,"world",9175,73,9549,
Sign,Heal,Interact,"mardi 9 juillet 2013 18 h 11 CEST","agorus","","","","agorus",10,money,$,"world",9175,73,9549,
Sign,Heal,Interact,"mardi 9 juillet 2013 20 h 33 CEST","Brieux1","","","","Brieux1",10,money,$,"world",9175,73,9549,
Sign,Heal,Interact,"mardi 9 juillet 2013 20 h 33 CEST","Brieux1","","","","Brieux1",10,money,$,"world",9175,73,9549,
Sign,Heal,Interact,"mardi 9 juillet 2013 23 h 28 CEST","Genegure","","","","Genegure",10,money,$,"world_nether",57,98,-42,
Sign,Enchant,Interact,"mercredi 10 juillet 2013 13 h 00 CEST","fanta39",500,money,$,"fanta39",500,money,$,"world",9175,73,9550,
Sign,Repair,Interact,"mercredi 10 juillet 2013 17 h 23 CEST","ptittheobg","","","","ptittheobg",100,money,$,"world",9175,72,9550,
Sign,Enchant,Interact,"mercredi 10 juillet 2013 19 h 25 CEST","TEODORE",500,money,$,"TEODORE",500,money,$,"world",9175,73,9550,
Sign,Repair,Interact,"mercredi 10 juillet 2013 19 h 25 CEST","TEODORE","","","","TEODORE",100,money,$,"world",9175,72,9550,
Sign,Repair,Interact,"mercredi 10 juillet 2013 20 h 48 CEST","cheat","","","","cheat",100,money,$,"world",9175,72,9550,
Sign,Enchant,Interact,"mercredi 10 juillet 2013 22 h 03 CEST","cheat",500,money,$,"cheat",500,money,$,"world",9175,73,9550,
Sign,Repair,Interact,"jeudi 11 juillet 2013 11 h 28 CEST","TEODORE","","","","TEODORE",100,money,$,"world",9175,72,9550,
Sign,Repair,Interact,"jeudi 11 juillet 2013 11 h 56 CEST","SLC987","","","","SLC987",100,money,$,"world",9175,72,9550,
Sign,Heal,Interact,"jeudi 11 juillet 2013 12 h 09 CEST","auguste78","","","","auguste78",10,money,$,"world",9175,73,9549,
Sign,Heal,Interact,"jeudi 11 juillet 2013 13 h 01 CEST","SLC987","","","","SLC987",10,money,$,"world",9175,73,9549,
Sign,Heal,Interact,"jeudi 11 juillet 2013 22 h 39 CEST","Sharked15","","","","Sharked15",10,money,$,"world",9175,73,9549,
Sign,Heal,Interact,"jeudi 11 juillet 2013 22 h 39 CEST","Sharked15","","","","Sharked15",10,money,$,"world",9175,73,9549,
Sign,Heal,Interact,"jeudi 11 juillet 2013 22 h 39 CEST","Sharked15","","","","Sharked15",10,money,$,"world",9175,73,9549,
Sign,Warp,Interact,"vendredi 12 juillet 2013 00 h 50 CEST","Isildur","","","","Isildur",,"world",9688,63,9412,
Sign,Warp,Interact,"vendredi 12 juillet 2013 00 h 52 CEST","simondu02","","","","simondu02",,"world",9688,63,9412,
Sign,Warp,Interact,"vendredi 12 juillet 2013 00 h 52 CEST","Isildur","","","","Isildur",,"world",9688,63,9412,
Sign,Warp,Interact,"vendredi 12 juillet 2013 00 h 53 CEST","Isildur","","","","Isildur",,"world",9688,63,9412,
Sign,Warp,Interact,"vendredi 12 juillet 2013 00 h 53 CEST","simondu02","","","","simondu02",,"world",9688,63,9412,
Sign,Warp,Interact,"vendredi 12 juillet 2013 00 h 54 CEST","simondu02","","","","simondu02",,"world",9688,63,9412,
Sign,Warp,Interact,"vendredi 12 juillet 2013 00 h 55 CEST","simondu02","","","","simondu02",,"world",9688,63,9412,
Sign,Warp,Interact,"vendredi 12 juillet 2013 00 h 55 CEST","Isildur","","","","Isildur",,"world",9688,63,9412,
Sign,Warp,Interact,"vendredi 12 juillet 2013 00 h 56 CEST","Isildur","","","","Isildur",,"world",9688,63,9412,
Sign,Warp,Interact,"vendredi 12 juillet 2013 00 h 56 CEST","simondu02","","","","simondu02",,"world",9688,63,9412,
Sign,Warp,Interact,"vendredi 12 juillet 2013 00 h 57 CEST","Isildur","","","","Isildur",,"world",9688,63,9412,
Sign,Warp,Interact,"vendredi 12 juillet 2013 00 h 57 CEST","simondu02","","","","simondu02",,"world",9688,63,9412,
Sign,Warp,Interact,"vendredi 12 juillet 2013 00 h 57 CEST","Isildur","","","","Isildur",,"world",9688,63,9412,
Sign,Warp,Interact,"vendredi 12 juillet 2013 00 h 57 CEST","simondu02","","","","simondu02",,"world",9688,63,9412,
Sign,Warp,Interact,"vendredi 12 juillet 2013 00 h 58 CEST","Isildur","","","","Isildur",,"world",9688,63,9412,
Sign,Warp,Interact,"vendredi 12 juillet 2013 00 h 58 CEST","simondu02","","","","simondu02",,"world",9688,63,9412,
Sign,Warp,Interact,"vendredi 12 juillet 2013 10 h 21 CEST","simondu02","","","","simondu02",,"world",9688,63,9412,
Sign,Warp,Interact,"vendredi 12 juillet 2013 10 h 21 CEST","auguste78","","","","auguste78",,"world",9688,63,9412,
Sign,Enchant,Interact,"vendredi 12 juillet 2013 14 h 53 CEST","toine60500",500,money,$,"toine60500",500,money,$,"world",9175,73,9550,
Sign,Repair,Interact,"vendredi 12 juillet 2013 14 h 53 CEST","toine60500","","","","toine60500",100,money,$,"world",9175,72,9550,
Sign,Enchant,Interact,"vendredi 12 juillet 2013 15 h 03 CEST","SLC987",500,money,$,"SLC987",500,money,$,"world",9175,73,9550,
Sign,Repair,Interact,"vendredi 12 juillet 2013 16 h 43 CEST","kevin78570","","","","kevin78570",100,money,$,"world",9175,72,9550,
Sign,Heal,Interact,"vendredi 12 juillet 2013 20 h 34 CEST","joaopaulo_cra","","","","joaopaulo_cra",10,money,$,"world",9175,73,9549,
Sign,Repair,Interact,"vendredi 12 juillet 2013 21 h 24 CEST","toine60500","","","","toine60500",100,money,$,"world",9175,72,9550,
Sign,Enchant,Interact,"vendredi 12 juillet 2013 22 h 18 CEST","toine60500",500,money,$,"toine60500",500,money,$,"world",9175,73,9550,
Sign,Warp,Interact,"vendredi 12 juillet 2013 23 h 35 CEST","HSOOMY_99","","","","HSOOMY_99",,"world",9688,63,9412,
Sign,Warp,Interact,"vendredi 12 juillet 2013 23 h 35 CEST","HSOOMY_99","","","","HSOOMY_99",,"world",9688,63,9412,
Sign,Heal,Interact,"samedi 13 juillet 2013 07 h 44 CEST","MgRoo7","","","","MgRoo7",10,money,$,"world",9175,73,9549,
Sign,Heal,Interact,"samedi 13 juillet 2013 17 h 43 CEST","SkyFrize","","","","SkyFrize",10,money,$,"world",9175,73,9549,
Sign,Heal,Interact,"samedi 13 juillet 2013 17 h 43 CEST","SkyFrize","","","","SkyFrize",10,money,$,"world",9175,73,9549,
Sign,Repair,Interact,"samedi 13 juillet 2013 18 h 28 CEST","cheat","","","","cheat",100,money,$,"world",9175,72,9550,
Sign,Heal,Interact,"samedi 13 juillet 2013 21 h 51 CEST","Brieux1","","","","Brieux1",10,money,$,"world",9175,73,9549,
Sign,Warp,Interact,"samedi 13 juillet 2013 23 h 48 CEST","Isildur","","","","Isildur",,"world",9348,70,9530,
Sign,Warp,Interact,"samedi 13 juillet 2013 23 h 48 CEST","Isildur","","","","Isildur",,"world",9348,70,9530,
Sign,Warp,Interact,"dimanche 14 juillet 2013 00 h 03 CEST","Kirihara_Yuka","","","","Kirihara_Yuka",,"world",9348,70,9530,
Sign,Warp,Interact,"dimanche 14 juillet 2013 00 h 05 CEST","Kirihara_Yuka","","","","Kirihara_Yuka",,"world",9462,81,9546,
Sign,Warp,Interact,"dimanche 14 juillet 2013 00 h 05 CEST","Kirihara_Yuka","","","","Kirihara_Yuka",,"world",9462,81,9546,
Sign,Warp,Interact,"dimanche 14 juillet 2013 00 h 07 CEST","Isildur","","","","Isildur",,"world",9462,81,9545,
Sign,Warp,Interact,"dimanche 14 juillet 2013 00 h 07 CEST","Kirihara_Yuka","","","","Kirihara_Yuka",,"world",9462,81,9545,
Sign,Warp,Interact,"dimanche 14 juillet 2013 00 h 08 CEST","Kirihara_Yuka","","","","Kirihara_Yuka",,"world",9462,81,9545,
Sign,Warp,Interact,"dimanche 14 juillet 2013 00 h 08 CEST","Isildur","","","","Isildur",,"world",9462,81,9545,
Sign,Warp,Interact,"dimanche 14 juillet 2013 00 h 09 CEST","Isildur","","","","Isildur",,"world",9462,81,9545,
Sign,Warp,Interact,"dimanche 14 juillet 2013 00 h 09 CEST","Kirihara_Yuka","","","","Kirihara_Yuka",,"world",9462,81,9545,
Sign,Warp,Interact,"dimanche 14 juillet 2013 00 h 09 CEST","Kirihara_Yuka","","","","Kirihara_Yuka",,"world",9462,81,9545,
Sign,Warp,Interact,"dimanche 14 juillet 2013 00 h 09 CEST","Kirihara_Yuka","","","","Kirihara_Yuka",,"world",9462,81,9545,
Sign,Warp,Interact,"dimanche 14 juillet 2013 00 h 09 CEST","Isildur","","","","Isildur",,"world",9462,81,9545,
Sign,Warp,Interact,"dimanche 14 juillet 2013 00 h 09 CEST","Kirihara_Yuka","","","","Kirihara_Yuka",,"world",9462,81,9545,
Sign,Warp,Interact,"dimanche 14 juillet 2013 00 h 10 CEST","Isildur","","","","Isildur",,"world",9462,81,9545,
Sign,Warp,Interact,"dimanche 14 juillet 2013 00 h 10 CEST","Isildur","","","","Isildur",,"world",9462,81,9545,
Sign,Warp,Interact,"dimanche 14 juillet 2013 07 h 47 CEST","reenad","","","","reenad",,"world",9688,63,9412,
Sign,Repair,Interact,"dimanche 14 juillet 2013 13 h 34 CEST","TEODORE","","","","TEODORE",100,money,$,"world",9175,72,9550,
Sign,Enchant,Interact,"dimanche 14 juillet 2013 14 h 47 CEST","simondu02",500,money,$,"simondu02",500,money,$,"world",9175,73,9550,
Sign,Enchant,Interact,"dimanche 14 juillet 2013 15 h 32 CEST","TEODORE",500,money,$,"TEODORE",500,money,$,"world",9175,73,9550,
Sign,Repair,Interact,"dimanche 14 juillet 2013 17 h 01 CEST","TEODORE","","","","TEODORE",100,money,$,"world",9175,72,9550,
Sign,Warp,Interact,"dimanche 14 juillet 2013 18 h 03 CEST","skelteur","","","","skelteur",,"world",9688,63,9412,
Sign,Warp,Interact,"dimanche 14 juillet 2013 18 h 03 CEST","skelteur","","","","skelteur",,"world",9688,63,9412,
Sign,Warp,Interact,"dimanche 14 juillet 2013 18 h 04 CEST","simondu02","","","","simondu02",,"world",9688,63,9412,
Sign,Enchant,Interact,"lundi 15 juillet 2013 10 h 15 CEST","SLC987",500,money,$,"SLC987",500,money,$,"world",9175,73,9550,
Sign,Repair,Interact,"lundi 15 juillet 2013 10 h 29 CEST","TheKingWorld","","","","TheKingWorld",100,money,$,"world",9175,72,9550,
Sign,Enchant,Interact,"lundi 15 juillet 2013 14 h 18 CEST","agorus",500,money,$,"agorus",500,money,$,"world",9175,73,9550,
Sign,Repair,Interact,"lundi 15 juillet 2013 14 h 39 CEST","Kirihara_Yuka","","","","Kirihara_Yuka",100,money,$,"world",9175,72,9550,
Sign,Repair,Interact,"lundi 15 juillet 2013 18 h 41 CEST","eyesofcreeper","","","","eyesofcreeper",100,money,$,"world",9175,72,9550,
Sign,Repair,Interact,"lundi 15 juillet 2013 23 h 55 CEST","Kirihara_Yuka","","","","Kirihara_Yuka",100,money,$,"world",9175,72,9550,
Sign,Enchant,Interact,"mardi 16 juillet 2013 13 h 11 CEST","SLC987",500,money,$,"SLC987",500,money,$,"world",9175,73,9550,
Sign,Heal,Interact,"mardi 16 juillet 2013 13 h 25 CEST","TRUNSTERX5","","","","TRUNSTERX5",10,money,$,"world",9175,73,9549,
Sign,Heal,Interact,"mardi 16 juillet 2013 13 h 26 CEST","TRUNSTERX5","","","","TRUNSTERX5",10,money,$,"world",9175,73,9549,
Sign,Warp,Interact,"mardi 16 juillet 2013 14 h 35 CEST","skelteur","","","","skelteur",,"world",9688,63,9412,
Sign,Warp,Interact,"mardi 16 juillet 2013 14 h 42 CEST","skelteur","","","","skelteur",,"world",9688,63,9412,
Sign,Warp,Interact,"mardi 16 juillet 2013 14 h 43 CEST","skelteur","","","","skelteur",,"world",9688,63,9412,
Sign,Enchant,Interact,"mardi 16 juillet 2013 16 h 13 CEST","simondu02",500,money,$,"simondu02",500,money,$,"world",9175,73,9550,
Sign,Enchant,Interact,"mardi 16 juillet 2013 16 h 29 CEST","simondu02",500,money,$,"simondu02",500,money,$,"world",9175,73,9550,
Sign,Repair,Interact,"mardi 16 juillet 2013 16 h 49 CEST","Bratmort","","","","Bratmort",100,money,$,"world",9175,72,9550,
Sign,Enchant,Interact,"mardi 16 juillet 2013 16 h 52 CEST","Bratmort",500,money,$,"Bratmort",500,money,$,"world",9175,73,9550,
Sign,Repair,Interact,"mardi 16 juillet 2013 17 h 06 CEST","auguste78","","","","auguste78",100,money,$,"world",9175,72,9550,
Sign,Heal,Interact,"mardi 16 juillet 2013 18 h 38 CEST","thiago900","","","","thiago900",10,money,$,"world",9175,73,9549,
Sign,Repair,Interact,"mardi 16 juillet 2013 23 h 11 CEST","Bratmort","","","","Bratmort",100,money,$,"world",9175,72,9550,
Sign,Heal,Interact,"mercredi 17 juillet 2013 13 h 08 CEST","simondu02","","","","simondu02",10,money,$,"world",9175,73,9549,
Sign,Heal,Interact,"mercredi 17 juillet 2013 13 h 08 CEST","simondu02","","","","simondu02",10,money,$,"world",9175,73,9549,
Sign,Heal,Interact,"mercredi 17 juillet 2013 13 h 08 CEST","simondu02","","","","simondu02",10,money,$,"world",9175,73,9549,
Sign,Heal,Interact,"mercredi 17 juillet 2013 13 h 08 CEST","simondu02","","","","simondu02",10,money,$,"world",9175,73,9549,
Sign,Repair,Interact,"mercredi 17 juillet 2013 13 h 08 CEST","simondu02","","","","simondu02",100,money,$,"world",9175,72,9550,
Sign,Enchant,Interact,"mercredi 17 juillet 2013 13 h 27 CEST","SLC987",500,money,$,"SLC987",500,money,$,"world",9175,73,9550,
Sign,Heal,Interact,"mercredi 17 juillet 2013 13 h 28 CEST","kill","","","","kill",10,money,$,"world",9175,73,9549,
Sign,Heal,Interact,"mercredi 17 juillet 2013 13 h 28 CEST","kill","","","","kill",10,money,$,"world",9175,73,9549,
Sign,Enchant,Interact,"mercredi 17 juillet 2013 13 h 40 CEST","leandre23",500,money,$,"leandre23",500,money,$,"world",9175,73,9550,
Sign,Heal,Interact,"mercredi 17 juillet 2013 20 h 11 CEST","ohminecraftgo","","","","ohminecraftgo",10,money,$,"world",9175,73,9549,
Sign,Heal,Interact,"mercredi 17 juillet 2013 21 h 30 CEST","TRUNSTERX5","","","","TRUNSTERX5",10,money,$,"world",9175,73,9549,
Sign,Repair,Interact,"mercredi 17 juillet 2013 21 h 44 CEST","Kirihara_Yuka","","","","Kirihara_Yuka",100,money,$,"world",9175,72,9550,
Sign,Repair,Interact,"mercredi 17 juillet 2013 21 h 45 CEST","darkdydy","","","","darkdydy",100,money,$,"world",9175,72,9550,
Sign,Heal,Interact,"jeudi 18 juillet 2013 01 h 08 CEST","aaxe1","","","","aaxe1",10,money,$,"world_nether",64,99,-50,
Sign,Heal,Interact,"jeudi 18 juillet 2013 01 h 08 CEST","aaxe1","","","","aaxe1",10,money,$,"world_nether",64,99,-50,
Sign,Heal,Interact,"jeudi 18 juillet 2013 01 h 08 CEST","aaxe1","","","","aaxe1",10,money,$,"world_nether",64,99,-50,
Sign,Repair,Interact,"jeudi 18 juillet 2013 16 h 07 CEST","darkdydy","","","","darkdydy",100,money,$,"world",9175,72,9550,
Sign,Heal,Interact,"jeudi 18 juillet 2013 16 h 07 CEST","salim74","","","","salim74",10,money,$,"world",9175,73,9549,
Sign,Repair,Interact,"jeudi 18 juillet 2013 16 h 29 CEST","darkdydy","","","","darkdydy",100,money,$,"world",9175,72,9550,
Sign,Repair,Interact,"jeudi 18 juillet 2013 16 h 30 CEST","Kirihara_Yuka","","","","Kirihara_Yuka",100,money,$,"world",9175,72,9550,
Sign,Enchant,Interact,"jeudi 18 juillet 2013 16 h 31 CEST","Kirihara_Yuka",500,money,$,"Kirihara_Yuka",500,money,$,"world",9175,73,9550,
Sign,Repair,Interact,"jeudi 18 juillet 2013 22 h 24 CEST","Kirihara_Yuka","","","","Kirihara_Yuka",100,money,$,"world",9175,72,9550,
Sign,Enchant,Interact,"jeudi 18 juillet 2013 22 h 25 CEST","Kirihara_Yuka",500,money,$,"Kirihara_Yuka",500,money,$,"world",9175,73,9550,
Sign,Repair,Interact,"vendredi 19 juillet 2013 00 h 11 CEST","darkdydy","","","","darkdydy",100,money,$,"world",9175,72,9550,
Sign,Heal,Interact,"vendredi 19 juillet 2013 11 h 10 CEST","destroyshadow","","","","destroyshadow",10,money,$,"world_nether",64,99,-50,
Sign,Warp,Interact,"vendredi 19 juillet 2013 11 h 31 CEST","SLC987","","","","SLC987",,"world",9688,63,9412,
Sign,Repair,Interact,"vendredi 19 juillet 2013 12 h 32 CEST","RATATAC","","","","RATATAC",100,money,$,"world",9175,72,9550,
Sign,Enchant,Interact,"vendredi 19 juillet 2013 13 h 14 CEST","SLC987",500,money,$,"SLC987",500,money,$,"world",9175,73,9550,
Sign,Repair,Interact,"vendredi 19 juillet 2013 15 h 38 CEST","Bratmort","","","","Bratmort",100,money,$,"world",9175,72,9550,
Sign,Enchant,Interact,"vendredi 19 juillet 2013 16 h 10 CEST","darkdydy",500,money,$,"darkdydy",500,money,$,"world",9175,73,9550,
Sign,Enchant,Interact,"vendredi 19 juillet 2013 16 h 10 CEST","Kirihara_Yuka",500,money,$,"Kirihara_Yuka",500,money,$,"world",9175,73,9550,
Sign,Repair,Interact,"vendredi 19 juillet 2013 16 h 33 CEST","Kirihara_Yuka","","","","Kirihara_Yuka",100,money,$,"world",9175,72,9550,
Sign,Repair,Interact,"vendredi 19 juillet 2013 16 h 33 CEST","darkdydy","","","","darkdydy",100,money,$,"world",9175,72,9550,
Sign,Repair,Interact,"vendredi 19 juillet 2013 16 h 37 CEST","Bratmort","","","","Bratmort",100,money,$,"world",9175,72,9550,
Sign,Enchant,Interact,"vendredi 19 juillet 2013 17 h 17 CEST","leandre23",500,money,$,"leandre23",500,money,$,"world",9175,73,9550,
Sign,Spawnmob,Interact,"vendredi 19 juillet 2013 17 h 20 CEST","Kirihara_Yuka","","","","Kirihara_Yuka",50,money,$,"world",9175,72,9549,
Sign,Spawnmob,Interact,"vendredi 19 juillet 2013 17 h 20 CEST","Kirihara_Yuka","","","","Kirihara_Yuka",50,money,$,"world",9175,72,9549,
Sign,Spawnmob,Interact,"vendredi 19 juillet 2013 17 h 20 CEST","Kirihara_Yuka","","","","Kirihara_Yuka",50,money,$,"world",9175,72,9549,
Sign,Spawnmob,Interact,"vendredi 19 juillet 2013 17 h 20 CEST","Kirihara_Yuka","","","","Kirihara_Yuka",50,money,$,"world",9175,72,9549,
Sign,Heal,Interact,"vendredi 19 juillet 2013 20 h 33 CEST","destroyshadow","","","","destroyshadow",10,money,$,"world",9175,73,9549,
Sign,Repair,Interact,"vendredi 19 juillet 2013 23 h 18 CEST","toine60500","","","","toine60500",100,money,$,"world",9175,72,9550,
Sign,Repair,Interact,"vendredi 19 juillet 2013 23 h 19 CEST","toine60500","","","","toine60500",100,money,$,"world",9175,72,9550,
Sign,Enchant,Interact,"vendredi 19 juillet 2013 23 h 26 CEST","Syff",500,money,$,"Syff",500,money,$,"world",9175,73,9550,
Sign,Spawnmob,Interact,"vendredi 19 juillet 2013 23 h 34 CEST","toine60500","","","","toine60500",50,money,$,"world",9175,72,9549,
Sign,Enchant,Interact,"samedi 20 juillet 2013 01 h 22 CEST","Kirihara_Yuka",500,money,$,"Kirihara_Yuka",500,money,$,"world",9175,73,9550,
Sign,Heal,Interact,"samedi 20 juillet 2013 05 h 08 CEST","Naif4arab","","","","Naif4arab",10,money,$,"world_nether",64,99,-50,
Sign,Heal,Interact,"samedi 20 juillet 2013 05 h 08 CEST","Naif4arab","","","","Naif4arab",10,money,$,"world_nether",64,99,-50,
Sign,Heal,Interact,"samedi 20 juillet 2013 10 h 05 CEST","leandre23","","","","leandre23",10,money,$,"world",9175,73,9549,
Sign,Spawnmob,Interact,"samedi 20 juillet 2013 14 h 37 CEST","Gumknuckles","","","","Gumknuckles",50,money,$,"world",9175,72,9549,
Sign,Repair,Interact,"samedi 20 juillet 2013 14 h 55 CEST","toine60500","","","","toine60500",100,money,$,"world",9175,72,9550,
Sign,Repair,Interact,"samedi 20 juillet 2013 15 h 00 CEST","SLC987","","","","SLC987",100,money,$,"world",9175,72,9550,
Sign,Spawnmob,Interact,"samedi 20 juillet 2013 16 h 03 CEST","leandre23","","","","leandre23",50,money,$,"world",9175,72,9549,
Sign,Enchant,Interact,"samedi 20 juillet 2013 16 h 27 CEST","toine60500",500,money,$,"toine60500",500,money,$,"world",9175,73,9550,
Sign,Repair,Interact,"samedi 20 juillet 2013 18 h 19 CEST","SLC987","","","","SLC987",100,money,$,"world",9175,72,9550,
Sign,Heal,Interact,"samedi 20 juillet 2013 19 h 17 CEST","CsmPollo","","","","CsmPollo",10,money,$,"world",9175,73,9549,
Sign,Repair,Interact,"samedi 20 juillet 2013 19 h 47 CEST","SLC987","","","","SLC987",100,money,$,"world",9175,72,9550,
Sign,Repair,Interact,"samedi 20 juillet 2013 21 h 27 CEST","matt66","","","","matt66",100,money,$,"world",9175,72,9550,
Sign,Repair,Interact,"samedi 20 juillet 2013 21 h 27 CEST","matt66","","","","matt66",100,money,$,"world",9175,72,9550,
Sign,Heal,Interact,"samedi 20 juillet 2013 21 h 33 CEST","appleo","","","","appleo",10,money,$,"world_nether",64,99,-50,
Sign,Heal,Interact,"samedi 20 juillet 2013 21 h 33 CEST","appleo","","","","appleo",10,money,$,"world_nether",64,99,-50,
Sign,Repair,Interact,"dimanche 21 juillet 2013 09 h 18 CEST","toine60500","","","","toine60500",100,money,$,"world",9175,72,9550,
Sign,Repair,Interact,"dimanche 21 juillet 2013 10 h 46 CEST","simondu02","","","","simondu02",100,money,$,"world",9175,72,9550,
Sign,Repair,Interact,"dimanche 21 juillet 2013 17 h 10 CEST","SLC987","","","","SLC987",100,money,$,"world",9175,72,9550,
Sign,Spawnmob,Interact,"dimanche 21 juillet 2013 17 h 15 CEST","Gumknuckles","","","","Gumknuckles",50,money,$,"world",9175,72,9549,
Sign,Repair,Interact,"dimanche 21 juillet 2013 21 h 18 CEST","cheyen","","","","cheyen",100,money,$,"world",9175,72,9550,
Sign,Spawnmob,Interact,"dimanche 21 juillet 2013 22 h 56 CEST","eyesofcreeper","","","","eyesofcreeper",50,money,$,"world",9175,72,9549,
Sign,Spawnmob,Interact,"dimanche 21 juillet 2013 22 h 56 CEST","antonyot","","","","antonyot",50,money,$,"world",9175,72,9549,
Sign,Repair,Interact,"lundi 22 juillet 2013 00 h 33 CEST","antonyot","","","","antonyot",100,money,$,"world",9175,72,9550,
Sign,Enchant,Interact,"lundi 22 juillet 2013 00 h 33 CEST","antonyot",500,money,$,"antonyot",500,money,$,"world",9175,73,9550,
Sign,Repair,Interact,"lundi 22 juillet 2013 10 h 52 CEST","TouchMiaouuu","","","","TouchMiaouuu",100,money,$,"world",9175,72,9550,
Sign,Repair,Interact,"lundi 22 juillet 2013 10 h 55 CEST","cheyen","","","","cheyen",100,money,$,"world",9175,72,9550,
Sign,Enchant,Interact,"lundi 22 juillet 2013 11 h 43 CEST","TouchMiaouuu",500,money,$,"TouchMiaouuu",500,money,$,"world",9175,73,9550,
Sign,Repair,Interact,"lundi 22 juillet 2013 11 h 43 CEST","TouchMiaouuu","","","","TouchMiaouuu",100,money,$,"world",9175,72,9550,
Sign,Repair,Interact,"lundi 22 juillet 2013 13 h 26 CEST","TouchMiaouuu","","","","TouchMiaouuu",100,money,$,"world",9175,72,9550,
Sign,Repair,Interact,"lundi 22 juillet 2013 13 h 49 CEST","FlaZe_DiiNaMi","","","","FlaZe_DiiNaMi",100,money,$,"world_nether",75,99,-53,
Sign,Repair,Interact,"lundi 22 juillet 2013 14 h 49 CEST","SLC987","","","","SLC987",100,money,$,"world",9175,72,9550,
Sign,Repair,Interact,"lundi 22 juillet 2013 14 h 52 CEST","cheyen","","","","cheyen",100,money,$,"world",9175,72,9550,
Sign,Repair,Interact,"lundi 22 juillet 2013 17 h 00 CEST","cheyen","","","","cheyen",100,money,$,"world",9175,72,9550,
Sign,Repair,Interact,"lundi 22 juillet 2013 18 h 25 CEST","toine60500","","","","toine60500",100,money,$,"world",9175,72,9550,
Sign,Repair,Interact,"lundi 22 juillet 2013 21 h 56 CEST","simondu02","","","","simondu02",100,money,$,"world",9175,72,9550,
Sign,Repair,Interact,"lundi 22 juillet 2013 23 h 43 CEST","cheyen","","","","cheyen",100,money,$,"world",9175,72,9550,
Sign,Enchant,Interact,"lundi 22 juillet 2013 23 h 54 CEST","Eldore62",500,money,$,"Eldore62",500,money,$,"world",9175,73,9550,
Sign,Heal,Interact,"mardi 23 juillet 2013 00 h 21 CEST","ayoub6669","","","","ayoub6669",10,money,$,"world",9175,73,9549,
Sign,Heal,Interact,"mardi 23 juillet 2013 00 h 21 CEST","ayoub6669","","","","ayoub6669",10,money,$,"world",9175,73,9549,
Sign,Heal,Interact,"mardi 23 juillet 2013 00 h 21 CEST","ayoub6669","","","","ayoub6669",10,money,$,"world",9175,73,9549,
Sign,Heal,Interact,"mardi 23 juillet 2013 00 h 21 CEST","ayoub6669","","","","ayoub6669",10,money,$,"world",9175,73,9549,
Sign,Repair,Interact,"mardi 23 juillet 2013 00 h 36 CEST","Kirihara_Yuka","","","","Kirihara_Yuka",100,money,$,"world",9175,72,9550,
Sign,Spawnmob,Interact,"mardi 23 juillet 2013 00 h 36 CEST","Kirihara_Yuka","","","","Kirihara_Yuka",50,money,$,"world",9175,72,9549,
Sign,Spawnmob,Interact,"mardi 23 juillet 2013 00 h 36 CEST","Kirihara_Yuka","","","","Kirihara_Yuka",50,money,$,"world",9175,72,9549,
Sign,Spawnmob,Interact,"mardi 23 juillet 2013 00 h 36 CEST","Kirihara_Yuka","","","","Kirihara_Yuka",50,money,$,"world",9175,72,9549,
Sign,Spawnmob,Interact,"mardi 23 juillet 2013 00 h 36 CEST","Kirihara_Yuka","","","","Kirihara_Yuka",50,money,$,"world",9175,72,9549,
Sign,Repair,Interact,"mardi 23 juillet 2013 01 h 44 CEST","Eldore62","","","","Eldore62",100,money,$,"world",9175,72,9550,
Sign,Repair,Interact,"mardi 23 juillet 2013 01 h 50 CEST","Eldore62","","","","Eldore62",100,money,$,"world",9175,72,9550,
Sign,Spawnmob,Interact,"mardi 23 juillet 2013 11 h 51 CEST","Cyro62","","","","Cyro62",50,money,$,"world",9175,72,9549,
Sign,Enchant,Interact,"mardi 23 juillet 2013 12 h 44 CEST","Kirihara_Yuka",500,money,$,"Kirihara_Yuka",500,money,$,"world",9175,73,9550,
Sign,Repair,Interact,"mardi 23 juillet 2013 13 h 18 CEST","Kirihara_Yuka","","","","Kirihara_Yuka",100,money,$,"world",9175,72,9550,
Sign,Enchant,Interact,"mardi 23 juillet 2013 13 h 19 CEST","SLC987",500,money,$,"SLC987",500,money,$,"world",9175,73,9550,
Sign,Enchant,Interact,"mardi 23 juillet 2013 13 h 30 CEST","SLC987",500,money,$,"SLC987",500,money,$,"world",9175,73,9550,
Sign,Warp,Interact,"mardi 23 juillet 2013 13 h 41 CEST","MessiRocksGuy","","","","MessiRocksGuy",,"world",9688,63,9412,
Sign,Warp,Interact,"mardi 23 juillet 2013 13 h 43 CEST","MessiRocksGuy","","","","MessiRocksGuy",,"world",9688,63,9412,
Sign,Warp,Interact,"mardi 23 juillet 2013 13 h 43 CEST","MessiRocksGuy","","","","MessiRocksGuy",,"world",9688,63,9412,
Sign,Repair,Interact,"mardi 23 juillet 2013 14 h 15 CEST","darkdydy","","","","darkdydy",100,money,$,"world",9175,72,9550,
Sign,Repair,Interact,"mardi 23 juillet 2013 15 h 25 CEST","toine60500","","","","toine60500",100,money,$,"world",9175,72,9550,
Sign,Enchant,Interact,"mardi 23 juillet 2013 19 h 11 CEST","simondu02",500,money,$,"simondu02",500,money,$,"world",9175,73,9550,
Sign,Spawnmob,Interact,"mardi 23 juillet 2013 21 h 32 CEST","Don_Straken","","","","Don_Straken",50,money,$,"world",9175,72,9549,
Sign,Repair,Interact,"mardi 23 juillet 2013 21 h 57 CEST","TouchMiaouuu","","","","TouchMiaouuu",100,money,$,"world",9175,72,9550,
Sign,Repair,Interact,"mardi 23 juillet 2013 23 h 13 CEST","Eldore62","","","","Eldore62",100,money,$,"world",9175,72,9550,
Sign,Warp,Interact,"mardi 23 juillet 2013 23 h 27 CEST","antonyot","","","","antonyot",,"world",9688,63,9412,
Sign,Warp,Interact,"mardi 23 juillet 2013 23 h 27 CEST","antonyot","","","","antonyot",,"world",9688,63,9412,
Sign,Heal,Interact,"mercredi 24 juillet 2013 01 h 27 CEST","zTheKillerx","","","","zTheKillerx",10,money,$,"world",9175,73,9549,
Sign,Repair,Interact,"mercredi 24 juillet 2013 04 h 36 CEST","darkdydy","","","","darkdydy",100,money,$,"world",9175,72,9550,
Sign,Repair,Interact,"mercredi 24 juillet 2013 14 h 34 CEST","Bestdragonpt","","","","Bestdragonpt",100,money,$,"world",9175,72,9550,
Sign,Repair,Interact,"mercredi 24 juillet 2013 14 h 34 CEST","Bestdragonpt","","","","Bestdragonpt",100,money,$,"world",9175,72,9550,
Sign,Warp,Interact,"mercredi 24 juillet 2013 16 h 17 CEST","TRUNSTERX5","","","","TRUNSTERX5",,"world",9688,63,9412,
Sign,Repair,Interact,"mercredi 24 juillet 2013 16 h 27 CEST","Bestdragonpt","","","","Bestdragonpt",100,money,$,"world",9175,72,9550,
Sign,Repair,Interact,"mercredi 24 juillet 2013 17 h 06 CEST","Bestdragonpt","","","","Bestdragonpt",100,money,$,"world",9175,72,9550,
Sign,Repair,Interact,"mercredi 24 juillet 2013 17 h 07 CEST","huble","","","","huble",100,money,$,"world",9175,72,9550,
Sign,Enchant,Interact,"mercredi 24 juillet 2013 17 h 08 CEST","Bestdragonpt",500,money,$,"Bestdragonpt",500,money,$,"world",9175,73,9550,
Sign,Enchant,Interact,"mercredi 24 juillet 2013 17 h 09 CEST","huble",500,money,$,"huble",500,money,$,"world",9175,73,9550,
Sign,Repair,Interact,"mercredi 24 juillet 2013 17 h 43 CEST","Bestdragonpt","","","","Bestdragonpt",100,money,$,"world",9175,72,9550,
Sign,Repair,Interact,"mercredi 24 juillet 2013 17 h 51 CEST","huble","","","","huble",100,money,$,"world",9175,72,9550,
Sign,Spawnmob,Interact,"mercredi 24 juillet 2013 17 h 51 CEST","Bestdragonpt","","","","Bestdragonpt",50,money,$,"world",9175,72,9549,
Sign,Repair,Interact,"mercredi 24 juillet 2013 17 h 53 CEST","huble","","","","huble",100,money,$,"world",9175,72,9550,
Sign,Spawnmob,Interact,"mercredi 24 juillet 2013 17 h 54 CEST","Bestdragonpt","","","","Bestdragonpt",50,money,$,"world",9175,72,9549,
Sign,Repair,Interact,"mercredi 24 juillet 2013 19 h 39 CEST","Bestdragonpt","","","","Bestdragonpt",100,money,$,"world",9175,72,9550,
Sign,Enchant,Interact,"mercredi 24 juillet 2013 19 h 46 CEST","loshermanos",500,money,$,"loshermanos",500,money,$,"world",9175,73,9550,
Sign,Repair,Interact,"mercredi 24 juillet 2013 19 h 50 CEST","loshermanos","","","","loshermanos",100,money,$,"world",9175,72,9550,
Sign,Enchant,Interact,"mercredi 24 juillet 2013 21 h 48 CEST","Bestdragonpt",500,money,$,"Bestdragonpt",500,money,$,"world",9175,73,9550,
Sign,Repair,Interact,"mercredi 24 juillet 2013 21 h 59 CEST","huble","","","","huble",100,money,$,"world",9175,72,9550,
Sign,Repair,Interact,"mercredi 24 juillet 2013 21 h 59 CEST","huble","","","","huble",100,money,$,"world",9175,72,9550,
Sign,Repair,Interact,"mercredi 24 juillet 2013 22 h 03 CEST","huble","","","","huble",100,money,$,"world",9175,72,9550,
Sign,Repair,Interact,"mercredi 24 juillet 2013 22 h 31 CEST","Bestdragonpt","","","","Bestdragonpt",100,money,$,"world",9175,72,9550,
Sign,Enchant,Interact,"jeudi 25 juillet 2013 00 h 31 CEST","Kirihara_Yuka",500,money,$,"Kirihara_Yuka",500,money,$,"world",9175,73,9550,
Sign,Enchant,Interact,"jeudi 25 juillet 2013 00 h 31 CEST","Kirihara_Yuka",500,money,$,"Kirihara_Yuka",500,money,$,"world",9175,73,9550,
Sign,Spawnmob,Interact,"jeudi 25 juillet 2013 13 h 18 CEST","Bestdragonpt","","","","Bestdragonpt",50,money,$,"world",9175,72,9549,
Sign,Repair,Interact,"jeudi 25 juillet 2013 13 h 18 CEST","Bestdragonpt","","","","Bestdragonpt",100,money,$,"world",9175,72,9550,
Sign,Enchant,Interact,"jeudi 25 juillet 2013 15 h 22 CEST","Bestdragonpt",500,money,$,"Bestdragonpt",500,money,$,"world",9175,73,9550,
Sign,Heal,Interact,"jeudi 25 juillet 2013 15 h 33 CEST","DJ0enderman","","","","DJ0enderman",10,money,$,"world",9175,73,9549,
Sign,Heal,Interact,"jeudi 25 juillet 2013 15 h 33 CEST","DJ0enderman","","","","DJ0enderman",10,money,$,"world",9175,73,9549,
Sign,Repair,Interact,"jeudi 25 juillet 2013 16 h 11 CEST","Kirihara_Yuka","","","","Kirihara_Yuka",100,money,$,"world",9175,72,9550,
Sign,Repair,Interact,"jeudi 25 juillet 2013 17 h 22 CEST","Bestdragonpt","","","","Bestdragonpt",100,money,$,"world",9175,72,9550,
Sign,Repair,Interact,"jeudi 25 juillet 2013 18 h 28 CEST","Bestdragonpt","","","","Bestdragonpt",100,money,$,"world",9175,72,9550,
Sign,Repair,Interact,"jeudi 25 juillet 2013 18 h 29 CEST","Bestdragonpt","","","","Bestdragonpt",100,money,$,"world",9175,72,9550,
Sign,Enchant,Interact,"jeudi 25 juillet 2013 18 h 35 CEST","Bratmort",500,money,$,"Bratmort",500,money,$,"world",9175,73,9550,
Sign,Repair,Interact,"jeudi 25 juillet 2013 19 h 07 CEST","Bestdragonpt","","","","Bestdragonpt",100,money,$,"world",9175,72,9550,
Sign,Repair,Interact,"jeudi 25 juillet 2013 20 h 26 CEST","huble","","","","huble",100,money,$,"world",9175,72,9550,
Sign,Repair,Interact,"jeudi 25 juillet 2013 20 h 53 CEST","Bestdragonpt","","","","Bestdragonpt",100,money,$,"world",9175,72,9550,
Sign,Enchant,Interact,"jeudi 25 juillet 2013 21 h 08 CEST","MessiRocksGuy",500,money,$,"MessiRocksGuy",500,money,$,"world",9175,73,9550,
Sign,Enchant,Interact,"vendredi 26 juillet 2013 11 h 53 CEST","Mireio",500,money,$,"Mireio",500,money,$,"world",9175,73,9550,
Sign,Enchant,Interact,"vendredi 26 juillet 2013 11 h 53 CEST","Mireio",500,money,$,"Mireio",500,money,$,"world",9175,73,9550,
Sign,Enchant,Interact,"vendredi 26 juillet 2013 11 h 55 CEST","Mireio",500,money,$,"Mireio",500,money,$,"world",9175,73,9550,
Sign,Repair,Interact,"vendredi 26 juillet 2013 12 h 26 CEST","Bestdragonpt","","","","Bestdragonpt",100,money,$,"world",9175,72,9550,
Sign,Repair,Interact,"vendredi 26 juillet 2013 14 h 58 CEST","Bestdragonpt","","","","Bestdragonpt",100,money,$,"world",9175,72,9550,
Sign,Repair,Interact,"vendredi 26 juillet 2013 16 h 39 CEST","Bestdragonpt","","","","Bestdragonpt",100,money,$,"world",9175,72,9550,
Sign,Repair,Interact,"vendredi 26 juillet 2013 17 h 10 CEST","Bestdragonpt","","","","Bestdragonpt",100,money,$,"world",9175,72,9550,
Sign,Repair,Interact,"vendredi 26 juillet 2013 17 h 47 CEST","Bestdragonpt","","","","Bestdragonpt",100,money,$,"world",9175,72,9550,
Sign,Repair,Interact,"vendredi 26 juillet 2013 18 h 15 CEST","Bestdragonpt","","","","Bestdragonpt",100,money,$,"world",9175,72,9550,
Sign,Repair,Interact,"vendredi 26 juillet 2013 19 h 05 CEST","Bestdragonpt","","","","Bestdragonpt",100,money,$,"world",9175,72,9550,
Sign,Repair,Interact,"samedi 27 juillet 2013 12 h 39 CEST","LeaverBoy","","","","LeaverBoy",100,money,$,"world",9175,72,9550,
Sign,Repair,Interact,"samedi 27 juillet 2013 12 h 39 CEST","LeaverBoy","","","","LeaverBoy",100,money,$,"world",9175,72,9550,
Sign,Repair,Interact,"samedi 27 juillet 2013 12 h 39 CEST","LeaverBoy","","","","LeaverBoy",100,money,$,"world",9175,72,9550,
Sign,Repair,Interact,"samedi 27 juillet 2013 13 h 05 CEST","Bestdragonpt","","","","Bestdragonpt",100,money,$,"world",9175,72,9550,
Sign,Repair,Interact,"samedi 27 juillet 2013 13 h 19 CEST","Bestdragonpt","","","","Bestdragonpt",100,money,$,"world",9175,72,9550,
Sign,Repair,Interact,"samedi 27 juillet 2013 13 h 35 CEST","Bestdragonpt","","","","Bestdragonpt",100,money,$,"world",9175,72,9550,
Sign,Repair,Interact,"samedi 27 juillet 2013 13 h 48 CEST","Bestdragonpt","","","","Bestdragonpt",100,money,$,"world",9175,72,9550,
Sign,Repair,Interact,"samedi 27 juillet 2013 20 h 02 CEST","Bestdragonpt","","","","Bestdragonpt",100,money,$,"world",9175,72,9550,
Sign,Repair,Interact,"samedi 27 juillet 2013 21 h 57 CEST","Bestdragonpt","","","","Bestdragonpt",100,money,$,"world",9175,72,9550,
Sign,Repair,Interact,"samedi 27 juillet 2013 21 h 57 CEST","Bestdragonpt","","","","Bestdragonpt",100,money,$,"world",9175,72,9550,
Sign,Repair,Interact,"dimanche 28 juillet 2013 15 h 25 CEST","Bestdragonpt","","","","Bestdragonpt",100,money,$,"world",9175,72,9550,
Sign,Repair,Interact,"dimanche 28 juillet 2013 15 h 48 CEST","Bestdragonpt","","","","Bestdragonpt",100,money,$,"world",9175,72,9550,
Sign,Repair,Interact,"dimanche 28 juillet 2013 16 h 03 CEST","Bestdragonpt","","","","Bestdragonpt",100,money,$,"world",9175,72,9550,
Sign,Enchant,Interact,"lundi 29 juillet 2013 20 h 02 CEST","petitlapinros",500,money,$,"petitlapinros",500,money,$,"world",9175,73,9550,
Sign,Warp,Interact,"lundi 29 juillet 2013 22 h 04 CEST","eyesofcreeper","","","","eyesofcreeper",,"world",9189,72,9545,
Sign,Warp,Interact,"mardi 30 juillet 2013 00 h 07 CEST","eyesofcreeper","","","","eyesofcreeper",,"world",9189,72,9545,
Sign,TimeDay,Interact,"mardi 30 juillet 2013 01 h 31 CEST","eyesofcreeper","","","","eyesofcreeper",10,money,$,"plotworld",-2,70,0,
Sign,WeatherSun,Interact,"mardi 30 juillet 2013 01 h 31 CEST","eyesofcreeper","","","","eyesofcreeper",10,money,$,"plotworld",-2,71,0,
Sign,TimeNight,Interact,"mardi 30 juillet 2013 08 h 55 CEST","boby89400","","","","boby89400",10,money,$,"plotworld",-2,70,-1,
Sign,Warp,Interact,"mardi 30 juillet 2013 12 h 50 CEST","Bratmort","","","","Bratmort",,"world",9189,72,9545,
Sign,WeatherStorm,Interact,"mardi 30 juillet 2013 13 h 28 CEST","eyesofcreeper","","","","eyesofcreeper",20,money,$,"plotworld",-2,71,-1,
Sign,TimeDay,Interact,"mardi 30 juillet 2013 13 h 30 CEST","antonyot","","","","antonyot",10,money,$,"plotworld",-2,70,0,
Sign,WeatherSun,Interact,"mardi 30 juillet 2013 13 h 30 CEST","antonyot","","","","antonyot",10,money,$,"plotworld",-2,71,0,
Sign,Repair,Interact,"mardi 30 juillet 2013 14 h 19 CEST","Bratmort","","","","Bratmort",100,money,$,"world",9175,72,9550,
Sign,Repair,Interact,"mardi 30 juillet 2013 14 h 19 CEST","Bestdragonpt","","","","Bestdragonpt",100,money,$,"world",9175,72,9550,
Sign,TimeDay,Interact,"mardi 30 juillet 2013 16 h 36 CEST","Bratmort","","","","Bratmort",10,money,$,"plotworld",-2,70,0,
Sign,WeatherSun,Interact,"mardi 30 juillet 2013 16 h 36 CEST","Bratmort","","","","Bratmort",10,money,$,"plotworld",-2,71,0,
Sign,WeatherStorm,Interact,"mardi 30 juillet 2013 16 h 37 CEST","Bratmort","","","","Bratmort",20,money,$,"plotworld",-2,71,-1,
Sign,Repair,Interact,"mardi 30 juillet 2013 16 h 52 CEST","Bratmort","","","","Bratmort",100,money,$,"world_nether",64,98,-40,
Sign,Repair,Interact,"mardi 30 juillet 2013 16 h 53 CEST","Bratmort","","","","Bratmort",100,money,$,"world_nether",64,98,-40,
Sign,Heal,Interact,"mardi 30 juillet 2013 16 h 59 CEST","Bratmort","","","","Bratmort",10,money,$,"world_nether",67,98,-40,
Sign,Heal,Interact,"mardi 30 juillet 2013 17 h 00 CEST","Bratmort","","","","Bratmort",10,money,$,"world_nether",67,98,-40,
Sign,Repair,Interact,"mardi 30 juillet 2013 17 h 01 CEST","Bratmort","","","","Bratmort",100,money,$,"world_nether",57,99,-43,
Sign,Repair,Interact,"mardi 30 juillet 2013 17 h 04 CEST","Bratmort","","","","Bratmort",100,money,$,"world_nether",64,98,-40,
Sign,Warp,Interact,"mardi 30 juillet 2013 19 h 13 CEST","Lykaaz","","","","Lykaaz",,"world",9189,72,9545,
Sign,Warp,Interact,"mardi 30 juillet 2013 22 h 01 CEST","Gumknuckles","","","","Gumknuckles",,"world",9189,72,9545,
Sign,Warp,Interact,"mardi 30 juillet 2013 22 h 01 CEST","Gumknuckles","","","","Gumknuckles",,"world",9189,72,9545,
Sign,Warp,Interact,"mercredi 31 juillet 2013 00 h 07 CEST","SoyKabra","","","","SoyKabra",,"world",9189,72,9545,
Sign,TimeDay,Interact,"mercredi 31 juillet 2013 00 h 07 CEST","SoyKabra","","","","SoyKabra",10,money,$,"plotworld",-2,70,0,
Sign,Repair,Interact,"mercredi 31 juillet 2013 09 h 39 CEST","Mireio","","","","Mireio",100,money,$,"world",9175,72,9550,
Sign,Repair,Interact,"mercredi 31 juillet 2013 09 h 41 CEST","Mireio","","","","Mireio",100,money,$,"world",9175,72,9550,
Sign,Repair,Interact,"mercredi 31 juillet 2013 11 h 13 CEST","LeaverBoy","","","","LeaverBoy",100,money,$,"world",9175,72,9550,
Sign,Repair,Interact,"mercredi 31 juillet 2013 13 h 17 CEST","Bratmort","","","","Bratmort",100,money,$,"world",9175,72,9550,
Sign,Repair,Interact,"mercredi 31 juillet 2013 15 h 05 CEST","azulight","","","","azulight",100,money,$,"world",9175,72,9550,
Sign,Repair,Interact,"mercredi 31 juillet 2013 15 h 05 CEST","azulight","","","","azulight",100,money,$,"world",9175,72,9550,
Sign,Enchant,Interact,"mercredi 31 juillet 2013 15 h 30 CEST","azulight",500,money,$,"azulight",500,money,$,"world",9175,73,9550,
Sign,TimeDay,Interact,"mercredi 31 juillet 2013 16 h 20 CEST","Bratmort","","","","Bratmort",10,money,$,"plotworld",-2,70,0,
Sign,TimeDay,Interact,"mercredi 31 juillet 2013 16 h 32 CEST","Bratmort","","","","Bratmort",10,money,$,"plotworld",-2,70,0,
Sign,TimeDay,Interact,"mercredi 31 juillet 2013 16 h 32 CEST","Bratmort","","","","Bratmort",10,money,$,"plotworld",-2,70,0,
Sign,TimeDay,Interact,"mercredi 31 juillet 2013 18 h 03 CEST","Bratmort","","","","Bratmort",10,money,$,"plotworld",-2,70,0,
Sign,TimeDay,Interact,"mercredi 31 juillet 2013 18 h 13 CEST","Bratmort","","","","Bratmort",10,money,$,"plotworld",-2,70,0,
Sign,Warp,Interact,"mercredi 31 juillet 2013 18 h 15 CEST","azulight","","","","azulight",,"world",9189,72,9545,
Sign,TimeNight,Interact,"mercredi 31 juillet 2013 18 h 16 CEST","azulight","","","","azulight",10,money,$,"plotworld",-2,70,-1,
Sign,TimeDay,Interact,"mercredi 31 juillet 2013 18 h 16 CEST","azulight","","","","azulight",10,money,$,"plotworld",-2,70,0,
Sign,Warp,Interact,"mercredi 31 juillet 2013 18 h 30 CEST","azulight","","","","azulight",,"world",9189,72,9545,
Sign,Warp,Interact,"mercredi 31 juillet 2013 18 h 34 CEST","azulight","","","","azulight",,"world",9189,72,9545,
Sign,TimeDay,Interact,"mercredi 31 juillet 2013 18 h 34 CEST","azulight","","","","azulight",10,money,$,"plotworld",-2,70,0,
Sign,Warp,Interact,"mercredi 31 juillet 2013 19 h 13 CEST","azulight","","","","azulight",,"world",9189,72,9545,
Sign,TimeDay,Interact,"mercredi 31 juillet 2013 19 h 14 CEST","azulight","","","","azulight",10,money,$,"plotworld",-2,70,0,
Sign,Warp,Interact,"mercredi 31 juillet 2013 19 h 22 CEST","azulight","","","","azulight",,"world",9189,72,9545,
Sign,TimeNight,Interact,"mercredi 31 juillet 2013 19 h 22 CEST","azulight","","","","azulight",10,money,$,"plotworld",-2,70,-1,
Sign,Warp,Interact,"mercredi 31 juillet 2013 19 h 29 CEST","azulight","","","","azulight",,"world",9189,72,9545,
Sign,Warp,Interact,"mercredi 31 juillet 2013 19 h 37 CEST","azulight","","","","azulight",,"world",9189,72,9545,
Sign,Warp,Interact,"mercredi 31 juillet 2013 19 h 45 CEST","azulight","","","","azulight",,"world",9189,72,9545,
Sign,Repair,Interact,"mercredi 31 juillet 2013 20 h 09 CEST","huble","","","","huble",100,money,$,"world",9175,72,9550,
Sign,Repair,Interact,"mercredi 31 juillet 2013 20 h 18 CEST","Bestdragonpt","","","","Bestdragonpt",100,money,$,"world",9175,72,9550,
Sign,Repair,Interact,"mercredi 31 juillet 2013 21 h 51 CEST","Bestdragonpt","","","","Bestdragonpt",100,money,$,"world",9175,72,9550,
Sign,Repair,Interact,"jeudi 1 aot 2013 07 h 42 CEST","azulight","","","","azulight",100,money,$,"world",9175,72,9550,
Sign,Warp,Interact,"jeudi 1 aot 2013 07 h 43 CEST","azulight","","","","azulight",,"world",9189,72,9545,
Sign,TimeDay,Interact,"jeudi 1 aot 2013 07 h 43 CEST","azulight","","","","azulight",10,money,$,"plotworld",-2,70,0,
Sign,TimeDay,Interact,"jeudi 1 aot 2013 07 h 43 CEST","azulight","","","","azulight",10,money,$,"plotworld",-2,70,0,
Sign,Warp,Interact,"jeudi 1 aot 2013 08 h 27 CEST","azulight","","","","azulight",,"world",9189,72,9545,
Sign,Repair,Interact,"jeudi 1 aot 2013 10 h 39 CEST","LeaverBoy","","","","LeaverBoy",100,money,$,"world",9175,72,9550,
Sign,Spawnmob,Interact,"jeudi 1 aot 2013 10 h 42 CEST","Viperious37","","","","Viperious37",50,money,$,"world",9175,72,9549,
Sign,Enchant,Interact,"jeudi 1 aot 2013 10 h 42 CEST","Viperious37",500,money,$,"Viperious37",500,money,$,"world",9175,73,9550,
Sign,WeatherSun,Interact,"jeudi 1 aot 2013 12 h 21 CEST","Bratmort","","","","Bratmort",10,money,$,"plotworld",-2,71,0,
Sign,TimeDay,Interact,"jeudi 1 aot 2013 12 h 55 CEST","Bratmort","","","","Bratmort",10,money,$,"plotworld",-2,70,0,
Sign,Warp,Interact,"jeudi 1 aot 2013 13 h 13 CEST","azulight","","","","azulight",,"world",9189,72,9545,
Sign,Warp,Interact,"jeudi 1 aot 2013 13 h 16 CEST","azulight","","","","azulight",,"world",9189,72,9545,
Sign,Warp,Interact,"jeudi 1 aot 2013 13 h 23 CEST","azulight","","","","azulight",,"world",9189,72,9545,
Sign,Warp,Interact,"jeudi 1 aot 2013 13 h 30 CEST","azulight","","","","azulight",,"world",9189,72,9545,
Sign,Warp,Interact,"jeudi 1 aot 2013 13 h 30 CEST","azulight","","","","azulight",,"world",9189,72,9545,
Sign,Warp,Interact,"jeudi 1 aot 2013 13 h 30 CEST","azulight","","","","azulight",,"world",9189,72,9545,
Sign,TimeDay,Interact,"jeudi 1 aot 2013 13 h 30 CEST","azulight","","","","azulight",10,money,$,"plotworld",-2,70,0,
Sign,Warp,Interact,"jeudi 1 aot 2013 13 h 52 CEST","azulight","","","","azulight",,"world",9189,72,9545,
Sign,Warp,Interact,"jeudi 1 aot 2013 13 h 52 CEST","azulight","","","","azulight",,"world",9189,72,9545,
Sign,Warp,Interact,"jeudi 1 aot 2013 14 h 01 CEST","azulight","","","","azulight",,"world",9189,72,9545,
Sign,Warp,Interact,"jeudi 1 aot 2013 14 h 30 CEST","azulight","","","","azulight",,"world",9189,72,9545,
Sign,Warp,Interact,"jeudi 1 aot 2013 14 h 30 CEST","azulight","","","","azulight",,"world",9189,72,9545,
Sign,TimeDay,Interact,"jeudi 1 aot 2013 14 h 54 CEST","Furaigon","","","","Furaigon",10,money,$,"plotworld",-2,70,0,
Sign,TimeNight,Interact,"jeudi 1 aot 2013 14 h 54 CEST","Furaigon","","","","Furaigon",10,money,$,"plotworld",-2,70,-1,
Sign,TimeDay,Interact,"jeudi 1 aot 2013 14 h 54 CEST","Furaigon","","","","Furaigon",10,money,$,"plotworld",-2,70,0,
Sign,Warp,Interact,"jeudi 1 aot 2013 15 h 02 CEST","azulight","","","","azulight",,"world",9189,72,9545,
Sign,Repair,Interact,"jeudi 1 aot 2013 17 h 16 CEST","azulight","","","","azulight",100,money,$,"world",9175,72,9550,
Sign,Warp,Interact,"jeudi 1 aot 2013 17 h 48 CEST","azulight","","","","azulight",,"world",9189,72,9545,
Sign,TimeDay,Interact,"jeudi 1 aot 2013 17 h 49 CEST","azulight","","","","azulight",10,money,$,"plotworld",-2,70,0,
Sign,TimeDay,Interact,"jeudi 1 aot 2013 18 h 41 CEST","fable999","","","","fable999",10,money,$,"plotworld",-2,70,0,
Sign,Warp,Interact,"jeudi 1 aot 2013 18 h 45 CEST","Viperious37","","","","Viperious37",,"world",9189,72,9545,
Sign,WeatherStorm,Interact,"jeudi 1 aot 2013 18 h 46 CEST","Viperious37","","","","Viperious37",20,money,$,"plotworld",-2,71,-1,
Sign,WeatherSun,Interact,"jeudi 1 aot 2013 18 h 46 CEST","Viperious37","","","","Viperious37",10,money,$,"plotworld",-2,71,0,
Sign,TimeDay,Interact,"jeudi 1 aot 2013 18 h 52 CEST","Viperious37","","","","Viperious37",10,money,$,"plotworld",-2,70,0,
Sign,Repair,Interact,"jeudi 1 aot 2013 19 h 50 CEST","LeaverBoy","","","","LeaverBoy",100,money,$,"world",9175,72,9550,
Sign,Spawnmob,Interact,"jeudi 1 aot 2013 19 h 50 CEST","LeaverBoy","","","","LeaverBoy",50,money,$,"world",9175,72,9549,
Sign,WeatherSun,Interact,"jeudi 1 aot 2013 20 h 59 CEST","Bratmort","","","","Bratmort",10,money,$,"plotworld",-2,71,0,
Sign,Repair,Interact,"jeudi 1 aot 2013 21 h 10 CEST","LeaverBoy","","","","LeaverBoy",100,money,$,"world",9175,72,9550,
Sign,TimeDay,Interact,"vendredi 2 aot 2013 10 h 13 CEST","fable999","","","","fable999",10,money,$,"plotworld",-2,70,0,
Sign,Repair,Interact,"vendredi 2 aot 2013 10 h 38 CEST","LeaverBoy","","","","LeaverBoy",100,money,$,"world",9175,72,9550,
Sign,Heal,Interact,"vendredi 2 aot 2013 10 h 52 CEST","SoyKabra","","","","SoyKabra",10,money,$,"world",9175,73,9549,
Sign,Heal,Interact,"vendredi 2 aot 2013 10 h 52 CEST","SoyKabra","","","","SoyKabra",10,money,$,"world",9175,73,9549,
Sign,Heal,Interact,"vendredi 2 aot 2013 10 h 52 CEST","SoyKabra","","","","SoyKabra",10,money,$,"world",9175,73,9549,
Sign,Heal,Interact,"vendredi 2 aot 2013 10 h 52 CEST","SoyKabra","","","","SoyKabra",10,money,$,"world",9175,73,9549,
Sign,TimeDay,Interact,"vendredi 2 aot 2013 11 h 25 CEST","Bratmort","","","","Bratmort",10,money,$,"plotworld",-2,70,0,
Sign,Warp,Interact,"vendredi 2 aot 2013 11 h 27 CEST","azulight","","","","azulight",,"world",9189,72,9545,
Sign,Warp,Interact,"vendredi 2 aot 2013 11 h 27 CEST","azulight","","","","azulight",,"world",9189,72,9545,
Sign,TimeDay,Interact,"vendredi 2 aot 2013 11 h 38 CEST","Bratmort","","","","Bratmort",10,money,$,"plotworld",-2,70,0,
Sign,TimeNight,Interact,"vendredi 2 aot 2013 11 h 39 CEST","LeaverBoy","","","","LeaverBoy",10,money,$,"plotworld",-2,70,-1,
Sign,TimeDay,Interact,"vendredi 2 aot 2013 11 h 39 CEST","Bratmort","","","","Bratmort",10,money,$,"plotworld",-2,70,0,
Sign,TimeNight,Interact,"vendredi 2 aot 2013 11 h 39 CEST","LeaverBoy","","","","LeaverBoy",10,money,$,"plotworld",-2,70,-1,
Sign,Warp,Interact,"vendredi 2 aot 2013 11 h 40 CEST","azulight","","","","azulight",,"world",9189,72,9545,
Sign,TimeDay,Interact,"vendredi 2 aot 2013 11 h 40 CEST","azulight","","","","azulight",10,money,$,"plotworld",-2,70,0,
Sign,Warp,Interact,"vendredi 2 aot 2013 12 h 05 CEST","azulight","","","","azulight",,"world",9189,72,9545,
Sign,TimeNight,Interact,"vendredi 2 aot 2013 12 h 05 CEST","azulight","","","","azulight",10,money,$,"plotworld",-2,70,-1,
Sign,TimeDay,Interact,"vendredi 2 aot 2013 12 h 05 CEST","azulight","","","","azulight",10,money,$,"plotworld",-2,70,0,
Sign,Repair,Interact,"vendredi 2 aot 2013 12 h 15 CEST","azulight","","","","azulight",100,money,$,"world",9175,72,9550,
Sign,TimeDay,Interact,"vendredi 2 aot 2013 12 h 52 CEST","LeaverBoy","","","","LeaverBoy",10,money,$,"plotworld",-2,70,0,
Sign,Repair,Interact,"vendredi 2 aot 2013 12 h 53 CEST","azulight","","","","azulight",100,money,$,"world",9175,72,9550,
Sign,Repair,Interact,"vendredi 2 aot 2013 12 h 54 CEST","azulight","","","","azulight",100,money,$,"world",9175,72,9550,
Sign,Warp,Interact,"vendredi 2 aot 2013 13 h 22 CEST","Viper","","","","Viper",,"world",9189,72,9545,
Sign,Repair,Interact,"vendredi 2 aot 2013 13 h 22 CEST","azulight","","","","azulight",100,money,$,"world",9175,72,9550,
Sign,TimeDay,Interact,"vendredi 2 aot 2013 13 h 25 CEST","LeaverBoy","","","","LeaverBoy",10,money,$,"plotworld",-2,70,0,
Sign,Repair,Interact,"vendredi 2 aot 2013 14 h 02 CEST","LeaverBoy","","","","LeaverBoy",100,money,$,"world",9175,72,9550,
Sign,TimeDay,Interact,"vendredi 2 aot 2013 14 h 23 CEST","LeaverBoy","","","","LeaverBoy",10,money,$,"plotworld",-2,70,0,
Sign,WeatherSun,Interact,"vendredi 2 aot 2013 14 h 23 CEST","LeaverBoy","","","","LeaverBoy",10,money,$,"plotworld",-2,71,0,
Sign,TimeNight,Interact,"vendredi 2 aot 2013 14 h 23 CEST","LeaverBoy","","","","LeaverBoy",10,money,$,"plotworld",-2,70,-1,
Sign,Warp,Interact,"vendredi 2 aot 2013 15 h 33 CEST","azulight","","","","azulight",,"world",9189,72,9545,
Sign,Warp,Interact,"vendredi 2 aot 2013 15 h 48 CEST","azulight","","","","azulight",,"world",9189,72,9545,
Sign,Warp,Interact,"vendredi 2 aot 2013 15 h 48 CEST","azulight","","","","azulight",,"world",9189,72,9545,
Sign,Repair,Interact,"vendredi 2 aot 2013 17 h 41 CEST","Bratmort","","","","Bratmort",100,money,$,"world",9175,72,9550,
Sign,Warp,Interact,"vendredi 2 aot 2013 19 h 26 CEST","titanterror","","","","titanterror",,"world",9189,72,9545,
Sign,Warp,Interact,"vendredi 2 aot 2013 20 h 31 CEST","Mireio","","","","Mireio",,"world",9688,63,9412,
Sign,Warp,Interact,"vendredi 2 aot 2013 20 h 31 CEST","Mireio","","","","Mireio",,"world",9688,63,9412,
Sign,Repair,Interact,"vendredi 2 aot 2013 22 h 14 CEST","Bestdragonpt","","","","Bestdragonpt",100,money,$,"world",9175,72,9550,
Sign,Enchant,Interact,"samedi 3 aot 2013 08 h 52 CEST","Mireio",500,money,$,"Mireio",500,money,$,"world",9175,73,9550,
Sign,Repair,Interact,"samedi 3 aot 2013 08 h 53 CEST","Mireio","","","","Mireio",100,money,$,"world",9175,72,9550,
Sign,Repair,Interact,"samedi 3 aot 2013 11 h 47 CEST","azulight","","","","azulight",100,money,$,"world",9175,72,9550,
Sign,Repair,Interact,"samedi 3 aot 2013 12 h 44 CEST","Bestdragonpt","","","","Bestdragonpt",100,money,$,"world",9175,72,9550,
Sign,Repair,Interact,"samedi 3 aot 2013 15 h 12 CEST","huble","","","","huble",100,money,$,"world",9175,72,9550,
Sign,Repair,Interact,"samedi 3 aot 2013 15 h 17 CEST","Bestdragonpt","","","","Bestdragonpt",100,money,$,"world",9175,72,9550,
Sign,Repair,Interact,"samedi 3 aot 2013 16 h 15 CEST","Azetor","","","","Azetor",100,money,$,"world",9175,72,9550,
Sign,Warp,Interact,"samedi 3 aot 2013 17 h 18 CEST","Kirihara_Yuka","","","","Kirihara_Yuka",,"world",9189,72,9545,
Sign,TimeNight,Interact,"samedi 3 aot 2013 17 h 24 CEST","Kirihara_Yuka","","","","Kirihara_Yuka",10,money,$,"plotworld",-2,70,-1,
Sign,Warp,Interact,"samedi 3 aot 2013 18 h 04 CEST","SLC987","","","","SLC987",,"world",9189,72,9545,
Sign,Warp,Interact,"samedi 3 aot 2013 18 h 08 CEST","SLC987","","","","SLC987",,"world",9189,72,9545,
Sign,Warp,Interact,"samedi 3 aot 2013 18 h 08 CEST","SLC987","","","","SLC987",,"world",9189,72,9545,
Sign,Warp,Interact,"samedi 3 aot 2013 18 h 08 CEST","SLC987","","","","SLC987",,"world",9189,72,9545,
Sign,Warp,Interact,"samedi 3 aot 2013 18 h 47 CEST","turki06","","","","turki06",,"world",9688,63,9412,
Sign,Warp,Interact,"samedi 3 aot 2013 19 h 05 CEST","SLC987","","","","SLC987",,"world",9189,72,9545,
Sign,Warp,Interact,"samedi 3 aot 2013 19 h 16 CEST","CrowGX666","","","","CrowGX666",,"world",9189,72,9545,
Sign,Warp,Interact,"samedi 3 aot 2013 19 h 38 CEST","azulight","","","","azulight",,"world",9189,72,9545,
Sign,Warp,Interact,"samedi 3 aot 2013 20 h 15 CEST","Diogg","","","","Diogg",,"world",9189,72,9545,
Sign,Warp,Interact,"samedi 3 aot 2013 23 h 08 CEST","Baikenja1999","","","","Baikenja1999",,"world",9189,72,9545,
Sign,Repair,Interact,"samedi 3 aot 2013 23 h 44 CEST","huble","","","","huble",100,money,$,"world",9175,72,9550,
Sign,Warp,Interact,"dimanche 4 aot 2013 09 h 14 CEST","elyss","","","","elyss",,"world",9688,63,9412,
Sign,WeatherStorm,Interact,"dimanche 4 aot 2013 10 h 36 CEST","fable999","","","","fable999",20,money,$,"plotworld",-2,71,-1,
Sign,WeatherSun,Interact,"dimanche 4 aot 2013 10 h 36 CEST","fable999","","","","fable999",10,money,$,"plotworld",-2,71,0,
Sign,TimeDay,Interact,"dimanche 4 aot 2013 10 h 36 CEST","fable999","","","","fable999",10,money,$,"plotworld",-2,70,0,
Sign,TimeDay,Interact,"dimanche 4 aot 2013 12 h 14 CEST","LeaverBoy","","","","LeaverBoy",10,money,$,"plotworld",-2,70,0,
Sign,TimeDay,Interact,"dimanche 4 aot 2013 12 h 28 CEST","LeaverBoy","","","","LeaverBoy",10,money,$,"plotworld",-2,70,0,
Sign,Repair,Interact,"dimanche 4 aot 2013 12 h 59 CEST","Bestdragonpt","","","","Bestdragonpt",100,money,$,"world",9175,72,9550,
Sign,WeatherSun,Interact,"dimanche 4 aot 2013 13 h 07 CEST","Mireio","","","","Mireio",10,money,$,"plotworld",-2,71,0,
Sign,Repair,Interact,"dimanche 4 aot 2013 13 h 09 CEST","Bestdragonpt","","","","Bestdragonpt",100,money,$,"world",9175,72,9550,
Sign,Warp,Interact,"dimanche 4 aot 2013 13 h 12 CEST","killyan58000","","","","killyan58000",,"world",9189,72,9545,
Sign,Warp,Interact,"dimanche 4 aot 2013 13 h 12 CEST","killyan58000","","","","killyan58000",,"world",9189,72,9545,
Sign,Repair,Interact,"dimanche 4 aot 2013 13 h 24 CEST","Bestdragonpt","","","","Bestdragonpt",100,money,$,"world",9175,72,9550,
Sign,Warp,Interact,"dimanche 4 aot 2013 13 h 55 CEST","Bestdragonpt","","","","Bestdragonpt",,"world",9189,72,9545,
Sign,Warp,Interact,"dimanche 4 aot 2013 14 h 09 CEST","killyan58000","","","","killyan58000",,"world",9189,72,9545,
Sign,Warp,Interact,"dimanche 4 aot 2013 14 h 10 CEST","killyan58000","","","","killyan58000",,"world",9189,72,9545,
Sign,Repair,Interact,"dimanche 4 aot 2013 14 h 25 CEST","LeaverBoy","","","","LeaverBoy",100,money,$,"world",9175,72,9550,
Sign,Repair,Interact,"dimanche 4 aot 2013 14 h 45 CEST","azulight","","","","azulight",100,money,$,"world",9175,72,9550,
Sign,Enchant,Interact,"dimanche 4 aot 2013 14 h 45 CEST","azulight",500,money,$,"azulight",500,money,$,"world",9175,73,9550,
Sign,Repair,Interact,"dimanche 4 aot 2013 15 h 30 CEST","Mireio","","","","Mireio",100,money,$,"world",9175,72,9550,
Sign,Repair,Interact,"dimanche 4 aot 2013 16 h 19 CEST","Kirihara_Yuka","","","","Kirihara_Yuka",100,money,$,"world",9175,72,9550,
Sign,Repair,Interact,"dimanche 4 aot 2013 16 h 37 CEST","Bestdragonpt","","","","Bestdragonpt",100,money,$,"world",9175,72,9550,
Sign,Warp,Interact,"dimanche 4 aot 2013 17 h 37 CEST","dudesdudu","","","","dudesdudu",,"world",9189,72,9545,
Sign,Warp,Interact,"dimanche 4 aot 2013 17 h 37 CEST","dudesdudu","","","","dudesdudu",,"world",9189,72,9545,
Sign,Repair,Interact,"dimanche 4 aot 2013 18 h 46 CEST","Bestdragonpt","","","","Bestdragonpt",100,money,$,"world",9175,72,9550,
Sign,Repair,Interact,"lundi 5 aot 2013 12 h 36 CEST","Mireio","","","","Mireio",100,money,$,"world",9175,72,9550,
Sign,Warp,Interact,"lundi 5 aot 2013 15 h 23 CEST","Gaminbuchcube","","","","Gaminbuchcube",,"world",9189,72,9545,
Sign,Warp,Interact,"mardi 6 aot 2013 01 h 25 CEST","TheKillerdu38","","","","TheKillerdu38",,"world",9189,72,9545,
Sign,Warp,Interact,"mardi 6 aot 2013 07 h 23 CEST","boby89400","","","","boby89400",,"world",9189,72,9545,
Sign,Warp,Interact,"mardi 6 aot 2013 07 h 40 CEST","7ModyGamer","","","","7ModyGamer",,"world",9189,72,9545,
Sign,TimeNight,Interact,"mardi 6 aot 2013 10 h 11 CEST","fable999","","","","fable999",10,money,$,"plotworld",-2,70,-1,
Sign,TimeNight,Interact,"mardi 6 aot 2013 10 h 33 CEST","boby89400","","","","boby89400",10,money,$,"plotworld",-2,70,-1,
Sign,TimeNight,Interact,"mardi 6 aot 2013 10 h 43 CEST","boby89400","","","","boby89400",10,money,$,"plotworld",-2,70,-1,
Sign,WeatherSun,Interact,"mardi 6 aot 2013 12 h 30 CEST","boby89400","","","","boby89400",10,money,$,"plotworld",-2,71,0,
Sign,Repair,Interact,"mardi 6 aot 2013 12 h 35 CEST","LeaverBoy","","","","LeaverBoy",100,money,$,"world",9175,72,9550,
Sign,Repair,Interact,"mardi 6 aot 2013 12 h 35 CEST","LeaverBoy","","","","LeaverBoy",100,money,$,"world",9175,72,9550,
Sign,TimeDay,Interact,"mardi 6 aot 2013 12 h 55 CEST","mac_niggeys","","","","mac_niggeys",10,money,$,"plotworld",-2,70,0,
Sign,TimeNight,Interact,"mardi 6 aot 2013 12 h 56 CEST","mac_niggeys","","","","mac_niggeys",10,money,$,"plotworld",-2,70,-1,
Sign,WeatherStorm,Interact,"mardi 6 aot 2013 12 h 56 CEST","mac_niggeys","","","","mac_niggeys",20,money,$,"plotworld",-2,71,-1,
Sign,WeatherStorm,Interact,"mardi 6 aot 2013 12 h 56 CEST","mac_niggeys","","","","mac_niggeys",20,money,$,"plotworld",-2,71,-1,
Sign,WeatherStorm,Interact,"mardi 6 aot 2013 12 h 56 CEST","mac_niggeys","","","","mac_niggeys",20,money,$,"plotworld",-2,71,-1,
Sign,WeatherStorm,Interact,"mardi 6 aot 2013 12 h 56 CEST","mac_niggeys","","","","mac_niggeys",20,money,$,"plotworld",-2,71,-1,
Sign,WeatherStorm,Interact,"mardi 6 aot 2013 12 h 56 CEST","mac_niggeys","","","","mac_niggeys",20,money,$,"plotworld",-2,71,-1,
Sign,WeatherSun,Interact,"mardi 6 aot 2013 12 h 56 CEST","mac_niggeys","","","","mac_niggeys",10,money,$,"plotworld",-2,71,0,
Sign,TimeDay,Interact,"mardi 6 aot 2013 12 h 56 CEST","boby89400","","","","boby89400",10,money,$,"plotworld",-2,70,0,
Sign,TimeDay,Interact,"mardi 6 aot 2013 13 h 08 CEST","boby89400","","","","boby89400",10,money,$,"plotworld",-2,70,0,
Sign,TimeNight,Interact,"mardi 6 aot 2013 13 h 11 CEST","boby89400","","","","boby89400",10,money,$,"plotworld",-2,70,-1,
Sign,WeatherSun,Interact,"mardi 6 aot 2013 15 h 07 CEST","boby89400","","","","boby89400",10,money,$,"plotworld",-2,71,0,
Sign,TimeNight,Interact,"mardi 6 aot 2013 15 h 07 CEST","boby89400","","","","boby89400",10,money,$,"plotworld",-2,70,-1,
Sign,Repair,Interact,"mardi 6 aot 2013 16 h 59 CEST","Mireio","","","","Mireio",100,money,$,"world",9175,72,9550,
Sign,Warp,Interact,"mardi 6 aot 2013 23 h 21 CEST","xXDarkSlaverX","","","","xXDarkSlaverX",,"world",9189,72,9545,
Sign,WeatherSun,Interact,"mercredi 7 aot 2013 01 h 20 CEST","fable999","","","","fable999",10,money,$,"plotworld",-2,71,0,
Sign,TimeDay,Interact,"mercredi 7 aot 2013 01 h 20 CEST","fable999","","","","fable999",10,money,$,"plotworld",-2,70,0,
Sign,Repair,Interact,"mercredi 7 aot 2013 12 h 18 CEST","Mireio","","","","Mireio",100,money,$,"world",9175,72,9550,
Sign,Warp,Interact,"mercredi 7 aot 2013 13 h 49 CEST","TheKillerdu38","","","","TheKillerdu38",,"world",9189,72,9545,
Sign,Repair,Interact,"mercredi 7 aot 2013 13 h 52 CEST","LeaverBoy","","","","LeaverBoy",100,money,$,"world",9175,72,9550,
Sign,Repair,Interact,"mercredi 7 aot 2013 20 h 57 CEST","Bestdragonpt","","","","Bestdragonpt",100,money,$,"world",9175,72,9550,
Sign,Warp,Interact,"mercredi 7 aot 2013 20 h 58 CEST","HICO","","","","HICO",,"world",9189,72,9545,
Sign,Warp,Interact,"mercredi 7 aot 2013 20 h 58 CEST","HICO","","","","HICO",,"world",9189,72,9545,
Sign,Repair,Interact,"mercredi 7 aot 2013 21 h 24 CEST","DEDE","","","","DEDE",100,money,$,"world",9175,72,9550,
Sign,Repair,Interact,"mercredi 7 aot 2013 21 h 25 CEST","Mireio","","","","Mireio",100,money,$,"world",9175,72,9550,
Sign,Enchant,Interact,"mercredi 7 aot 2013 21 h 27 CEST","DEDE",500,money,$,"DEDE",500,money,$,"world",9175,73,9550,
Sign,Repair,Interact,"mercredi 7 aot 2013 21 h 36 CEST","DEDE","","","","DEDE",100,money,$,"world",9175,72,9550,
Sign,Repair,Interact,"mercredi 7 aot 2013 21 h 52 CEST","DEDE","","","","DEDE",100,money,$,"world",9175,72,9550,
Sign,Repair,Interact,"mercredi 7 aot 2013 21 h 54 CEST","DEDE","","","","DEDE",100,money,$,"world",9175,72,9550,
Sign,Repair,Interact,"mercredi 7 aot 2013 22 h 09 CEST","DEDE","","","","DEDE",100,money,$,"world",9175,72,9550,
Sign,Repair,Interact,"mercredi 7 aot 2013 22 h 24 CEST","DEDE","","","","DEDE",100,money,$,"world",9175,72,9550,
Sign,Repair,Interact,"jeudi 8 aot 2013 11 h 13 CEST","Evil_Dante","","","","Evil_Dante",100,money,$,"world",9175,72,9550,
Sign,Repair,Interact,"jeudi 8 aot 2013 11 h 41 CEST","Evil_Dante","","","","Evil_Dante",100,money,$,"world",9175,72,9550,
Sign,Warp,Interact,"jeudi 8 aot 2013 19 h 34 CEST","Tortuecool","","","","Tortuecool",,"world",9189,72,9545,
Sign,Warp,Interact,"jeudi 8 aot 2013 19 h 37 CEST","boby89400","","","","boby89400",,"world",9189,72,9545,
Sign,Repair,Interact,"jeudi 8 aot 2013 20 h 52 CEST","Mireio","","","","Mireio",100,money,$,"world",9175,72,9550,
Sign,Repair,Interact,"jeudi 8 aot 2013 22 h 26 CEST","LeaverBoy","","","","LeaverBoy",100,money,$,"world",9175,72,9550,
Sign,Spawnmob,Interact,"vendredi 9 aot 2013 11 h 15 CEST","LeaverBoy","","","","LeaverBoy",50,money,$,"world",9175,72,9549,
Sign,Repair,Interact,"vendredi 9 aot 2013 11 h 15 CEST","LeaverBoy","","","","LeaverBoy",100,money,$,"world",9175,72,9550,
Sign,Warp,Interact,"vendredi 9 aot 2013 13 h 24 CEST","Viperious37","","","","Viperious37",,"world",9189,72,9545,
Sign,Repair,Interact,"vendredi 9 aot 2013 14 h 56 CEST","azulight","","","","azulight",100,money,$,"world",9175,72,9550,
Sign,Repair,Interact,"vendredi 9 aot 2013 15 h 35 CEST","Mireio","","","","Mireio",100,money,$,"world",9175,72,9550,
Sign,Repair,Interact,"vendredi 9 aot 2013 17 h 26 CEST","Evil_Dante","","","","Evil_Dante",100,money,$,"world",9175,72,9550,
Sign,Repair,Interact,"vendredi 9 aot 2013 17 h 26 CEST","LeaverBoy","","","","LeaverBoy",100,money,$,"world",9175,72,9550,
Sign,Warp,Interact,"vendredi 9 aot 2013 19 h 02 CEST","LgK_alex","","","","LgK_alex",,"world",9189,72,9545,
Sign,WeatherSun,Interact,"vendredi 9 aot 2013 19 h 11 CEST","LgK_alex","","","","LgK_alex",10,money,$,"plotworld",-2,71,0,
Sign,Repair,Interact,"vendredi 9 aot 2013 20 h 47 CEST","Mireio","","","","Mireio",100,money,$,"world",9175,72,9550,
Sign,Repair,Interact,"vendredi 9 aot 2013 20 h 58 CEST","Mireio","","","","Mireio",100,money,$,"world",9175,72,9550,
Sign,Repair,Interact,"vendredi 9 aot 2013 21 h 28 CEST","Evil_Dante","","","","Evil_Dante",100,money,$,"world",9175,72,9550,
Sign,Enchant,Interact,"vendredi 9 aot 2013 21 h 42 CEST","Mireio",500,money,$,"Mireio",500,money,$,"world",9175,73,9550,
Sign,Repair,Interact,"vendredi 9 aot 2013 21 h 42 CEST","Mireio","","","","Mireio",100,money,$,"world",9175,72,9550,
Sign,Heal,Interact,"samedi 10 aot 2013 01 h 53 CEST","CriiiTZCraft","","","","CriiiTZCraft",10,money,$,"world",9175,73,9549,
Sign,TimeDay,Interact,"samedi 10 aot 2013 04 h 18 CEST","BlacKkDream","","","","BlacKkDream",10,money,$,"plotworld",-2,70,0,
Sign,TimeDay,Interact,"samedi 10 aot 2013 04 h 29 CEST","BlacKkDream","","","","BlacKkDream",10,money,$,"plotworld",-2,70,0,
Sign,TimeDay,Interact,"samedi 10 aot 2013 04 h 29 CEST","BlacKkDream","","","","BlacKkDream",10,money,$,"plotworld",-2,70,0,
Sign,Repair,Interact,"samedi 10 aot 2013 13 h 02 CEST","azulight","","","","azulight",100,money,$,"world",9175,72,9550,
Sign,Repair,Interact,"samedi 10 aot 2013 13 h 43 CEST","Evil_Dante","","","","Evil_Dante",100,money,$,"world",9175,72,9550,
Sign,Repair,Interact,"samedi 10 aot 2013 13 h 46 CEST","azulight","","","","azulight",100,money,$,"world",9175,72,9550,
Sign,Repair,Interact,"samedi 10 aot 2013 13 h 58 CEST","LeaverBoy","","","","LeaverBoy",100,money,$,"world",9175,72,9550,
Sign,Warp,Interact,"samedi 10 aot 2013 13 h 59 CEST","LeaverBoy","","","","LeaverBoy",,"world",9189,72,9545,
Sign,Repair,Interact,"samedi 10 aot 2013 20 h 22 CEST","Bestdragonpt","","","","Bestdragonpt",100,money,$,"world",9175,72,9550,
Sign,Repair,Interact,"samedi 10 aot 2013 20 h 40 CEST","Evil_Dante","","","","Evil_Dante",100,money,$,"world",9175,72,9550,
Sign,Repair,Interact,"samedi 10 aot 2013 20 h 53 CEST","LeaverBoy","","","","LeaverBoy",100,money,$,"world",9175,72,9550,
Sign,Repair,Interact,"samedi 10 aot 2013 21 h 20 CEST","LeaverBoy","","","","LeaverBoy",100,money,$,"world",9175,72,9550,
Sign,Repair,Interact,"samedi 10 aot 2013 21 h 30 CEST","Evil_Dante","","","","Evil_Dante",100,money,$,"world",9175,72,9550,
Sign,Repair,Interact,"samedi 10 aot 2013 22 h 43 CEST","Evil_Dante","","","","Evil_Dante",100,money,$,"world",9175,72,9550,
Sign,Repair,Interact,"samedi 10 aot 2013 23 h 23 CEST","Mireio","","","","Mireio",100,money,$,"world",9175,72,9550,
Sign,Repair,Interact,"samedi 10 aot 2013 23 h 43 CEST","Kirihara_Yuka","","","","Kirihara_Yuka",100,money,$,"world",9175,72,9550,
Sign,Enchant,Interact,"samedi 10 aot 2013 23 h 43 CEST","Kirihara_Yuka",500,money,$,"Kirihara_Yuka",500,money,$,"world",9175,73,9550,
Sign,Repair,Interact,"samedi 10 aot 2013 23 h 54 CEST","Evil_Dante","","","","Evil_Dante",100,money,$,"world",9175,72,9550,
Sign,Repair,Interact,"dimanche 11 aot 2013 00 h 32 CEST","Evil_Dante","","","","Evil_Dante",100,money,$,"world",9175,72,9550,
Sign,Repair,Interact,"dimanche 11 aot 2013 00 h 49 CEST","Evil_Dante","","","","Evil_Dante",100,money,$,"world",9175,72,9550,
Sign,Repair,Interact,"dimanche 11 aot 2013 01 h 05 CEST","LeaverBoy","","","","LeaverBoy",100,money,$,"world",9175,72,9550,
Sign,Repair,Interact,"dimanche 11 aot 2013 03 h 04 CEST","Evil_Dante","","","","Evil_Dante",100,money,$,"world",9175,72,9550,
Sign,Repair,Interact,"dimanche 11 aot 2013 03 h 53 CEST","Evil_Dante","","","","Evil_Dante",100,money,$,"world",9175,72,9550,
Sign,Repair,Interact,"dimanche 11 aot 2013 08 h 49 CEST","Evil_Dante","","","","Evil_Dante",100,money,$,"world",9175,72,9550,
Sign,WeatherSun,Interact,"dimanche 11 aot 2013 10 h 40 CEST","LichKing123","","","","LichKing123",10,money,$,"plotworld",-2,71,0,
Sign,Repair,Interact,"lundi 12 aot 2013 11 h 04 CEST","LeaverBoy","","","","LeaverBoy",100,money,$,"world",9175,72,9550,
Sign,Repair,Interact,"lundi 12 aot 2013 11 h 33 CEST","Mireio","","","","Mireio",100,money,$,"world",9175,72,9550,
Sign,Repair,Interact,"lundi 12 aot 2013 11 h 56 CEST","LeaverBoy","","","","LeaverBoy",100,money,$,"world",9175,72,9550,
Sign,Repair,Interact,"lundi 12 aot 2013 12 h 22 CEST","Mireio","","","","Mireio",100,money,$,"world",9175,72,9550,
Sign,Repair,Interact,"lundi 12 aot 2013 13 h 48 CEST","LeaverBoy","","","","LeaverBoy",100,money,$,"world",9175,72,9550,
Sign,Repair,Interact,"lundi 12 aot 2013 13 h 49 CEST","Evil_Dante","","","","Evil_Dante",100,money,$,"world",9175,72,9550,
Sign,Repair,Interact,"lundi 12 aot 2013 16 h 10 CEST","LeaverBoy","","","","LeaverBoy",100,money,$,"world",9175,72,9550,
Sign,Repair,Interact,"lundi 12 aot 2013 18 h 19 CEST","LeaverBoy","","","","LeaverBoy",100,money,$,"world",9175,72,9550,
Sign,Repair,Interact,"lundi 12 aot 2013 19 h 34 CEST","LichKing123","","","","LichKing123",100,money,$,"world",9175,72,9550,
Sign,Repair,Interact,"lundi 12 aot 2013 21 h 21 CEST","LeaverBoy","","","","LeaverBoy",100,money,$,"world",9175,72,9550,
Sign,Repair,Interact,"lundi 12 aot 2013 21 h 23 CEST","Mireio","","","","Mireio",100,money,$,"world",9175,72,9550,
Sign,Repair,Interact,"lundi 12 aot 2013 21 h 29 CEST","Mireio","","","","Mireio",100,money,$,"world",9175,72,9550,
Sign,Repair,Interact,"lundi 12 aot 2013 21 h 56 CEST","LichKing123","","","","LichKing123",100,money,$,"world",9175,72,9550,
Sign,Spawnmob,Interact,"lundi 12 aot 2013 23 h 50 CEST","abo_da7m_game","","","","abo_da7m_game",50,money,$,"world",9175,72,9549,
Sign,WeatherSun,Interact,"mardi 13 aot 2013 10 h 33 CEST","LeaverBoy","","","","LeaverBoy",10,money,$,"plotworld",-2,71,0,
Sign,TimeDay,Interact,"mardi 13 aot 2013 10 h 33 CEST","LeaverBoy","","","","LeaverBoy",10,money,$,"plotworld",-2,70,0,
Sign,Repair,Interact,"mardi 13 aot 2013 12 h 58 CEST","Nintori","","","","Nintori",100,money,$,"world",9175,72,9550,
Sign,Repair,Interact,"mardi 13 aot 2013 14 h 17 CEST","azulight","","","","azulight",100,money,$,"world",9175,72,9550,
Sign,Warp,Interact,"mercredi 14 aot 2013 16 h 23 CEST","boby89400","","","","boby89400",,"world",9189,72,9545,
Sign,Warp,Interact,"mercredi 14 aot 2013 16 h 23 CEST","YoshiPierre","","","","YoshiPierre",,"world",9189,72,9545,
Sign,Warp,Interact,"mercredi 14 aot 2013 16 h 29 CEST","iNikaSh","","","","iNikaSh",,"world",9189,72,9545,
Sign,Warp,Interact,"mercredi 14 aot 2013 16 h 29 CEST","iNikaSh","","","","iNikaSh",,"world",9189,72,9545,
Sign,Warp,Interact,"mercredi 14 aot 2013 17 h 39 CEST","boby89400","","","","boby89400",,"world",9189,72,9545,
Sign,Warp,Interact,"mercredi 14 aot 2013 17 h 39 CEST","FinnishVodk","","","","FinnishVodk",,"world",9189,72,9545,
Sign,Warp,Interact,"mercredi 14 aot 2013 17 h 39 CEST","FinnishVodk","","","","FinnishVodk",,"world",9189,72,9545,
Sign,Enchant,Interact,"mercredi 14 aot 2013 20 h 18 CEST","Evil_Dante",500,money,$,"Evil_Dante",500,money,$,"world",9175,73,9550,
Sign,Warp,Interact,"mercredi 14 aot 2013 21 h 15 CEST","Thony","","","","Thony",,"world",9189,72,9545,
Sign,Repair,Interact,"mercredi 14 aot 2013 21 h 22 CEST","Evil_Dante","","","","Evil_Dante",100,money,$,"world",9175,72,9550,
Sign,Repair,Interact,"mercredi 14 aot 2013 22 h 27 CEST","Kirihara_Yuka","","","","Kirihara_Yuka",100,money,$,"world",9175,72,9550,
Sign,Repair,Interact,"jeudi 15 aot 2013 02 h 38 CEST","Evil_Dante","","","","Evil_Dante",100,money,$,"world",9175,72,9550,
Sign,Warp,Interact,"jeudi 15 aot 2013 03 h 26 CEST","AlanDoBoteco","","","","AlanDoBoteco",,"world",9189,72,9545,
Sign,Warp,Interact,"vendredi 16 aot 2013 21 h 01 CEST","simondu02","","","","simondu02",,"world",9189,72,9545,
Sign,Repair,Interact,"samedi 17 aot 2013 10 h 19 CEST","Nintori","","","","Nintori",100,money,$,"world",9175,72,9550,
Sign,TimeDay,Interact,"samedi 17 aot 2013 10 h 40 CEST","Nintori","","","","Nintori",10,money,$,"plotworld",-2,70,0,
Sign,Heal,Interact,"samedi 17 aot 2013 10 h 50 CEST","Lacrim","","","","Lacrim",10,money,$,"world",9175,73,9549,
Sign,Enchant,Interact,"samedi 17 aot 2013 10 h 50 CEST","Lacrim",500,money,$,"Lacrim",500,money,$,"world",9175,73,9550,
Sign,Repair,Interact,"samedi 17 aot 2013 11 h 02 CEST","Nintori","","","","Nintori",100,money,$,"world",9175,72,9550,
Sign,Warp,Interact,"samedi 17 aot 2013 11 h 17 CEST","mokimokoko","","","","mokimokoko",,"world",9189,72,9545,
Sign,Warp,Interact,"samedi 17 aot 2013 11 h 41 CEST","mokimokoko","","","","mokimokoko",,"world",9189,72,9545,
Sign,WeatherSun,Interact,"samedi 17 aot 2013 11 h 44 CEST","mokimokoko","","","","mokimokoko",10,money,$,"plotworld",-2,71,0,
Sign,WeatherStorm,Interact,"samedi 17 aot 2013 11 h 44 CEST","mokimokoko","","","","mokimokoko",20,money,$,"plotworld",-2,71,-1,
Sign,Repair,Interact,"samedi 17 aot 2013 17 h 22 CEST","Mireio","","","","Mireio",100,money,$,"world",9175,72,9550,
Sign,Repair,Interact,"dimanche 18 aot 2013 01 h 21 CEST","Evil_Dante","","","","Evil_Dante",100,money,$,"world",9175,72,9550,
Sign,Repair,Interact,"dimanche 18 aot 2013 19 h 46 CEST","Viperious37","","","","Viperious37",100,money,$,"world",9175,72,9550,
Sign,Repair,Interact,"dimanche 18 aot 2013 19 h 51 CEST","Evil_Dante","","","","Evil_Dante",100,money,$,"world",9175,72,9550,
Sign,Repair,Interact,"dimanche 18 aot 2013 19 h 53 CEST","Kirihara_Yuka","","","","Kirihara_Yuka",100,money,$,"world",9175,72,9550,
Sign,Repair,Interact,"dimanche 18 aot 2013 20 h 01 CEST","Nintori","","","","Nintori",100,money,$,"world",9175,72,9550,
Sign,Warp,Interact,"dimanche 18 aot 2013 20 h 17 CEST","dbclement","","","","dbclement",,"world",9189,72,9545,
Sign,Warp,Interact,"dimanche 18 aot 2013 20 h 17 CEST","dbclement","","","","dbclement",,"world",9189,72,9545,
Sign,Repair,Interact,"dimanche 18 aot 2013 20 h 47 CEST","Evil_Dante","","","","Evil_Dante",100,money,$,"world",9175,72,9550,
Sign,Warp,Interact,"dimanche 18 aot 2013 20 h 55 CEST","gogot","","","","gogot",,"world",9189,72,9545,
Sign,Warp,Interact,"dimanche 18 aot 2013 20 h 55 CEST","Emilee","","","","Emilee",,"world",9189,72,9545,
Sign,Warp,Interact,"dimanche 18 aot 2013 22 h 57 CEST","betanoid","","","","betanoid",,"world",9189,72,9545,
Sign,Warp,Interact,"dimanche 18 aot 2013 22 h 57 CEST","betanoid","","","","betanoid",,"world",9189,72,9545,
Sign,Warp,Interact,"dimanche 18 aot 2013 22 h 58 CEST","betanoid","","","","betanoid",,"world",9189,72,9545,
Sign,Warp,Interact,"dimanche 18 aot 2013 22 h 58 CEST","betanoid","","","","betanoid",,"world",9189,72,9545,
Sign,TimeDay,Interact,"dimanche 18 aot 2013 22 h 59 CEST","betanoid","","","","betanoid",10,money,$,"plotworld",-2,70,0,
Sign,TimeDay,Interact,"lundi 19 aot 2013 07 h 59 CEST","Nintori","","","","Nintori",10,money,$,"plotworld",-2,70,0,
Sign,Repair,Interact,"lundi 19 aot 2013 08 h 15 CEST","Nintori","","","","Nintori",100,money,$,"world",9175,72,9550,
Sign,Enchant,Interact,"lundi 19 aot 2013 08 h 16 CEST","Nintori",500,money,$,"Nintori",500,money,$,"world",9175,73,9550,
Sign,Repair,Interact,"lundi 19 aot 2013 08 h 33 CEST","Nintori","","","","Nintori",100,money,$,"world",9175,72,9550,
Sign,Repair,Interact,"lundi 19 aot 2013 08 h 42 CEST","Nintori","","","","Nintori",100,money,$,"world",9175,72,9550,
Sign,Repair,Interact,"lundi 19 aot 2013 09 h 54 CEST","Nintori","","","","Nintori",100,money,$,"world",9175,72,9550,
Sign,Repair,Interact,"lundi 19 aot 2013 10 h 05 CEST","Nintori","","","","Nintori",100,money,$,"world",9175,72,9550,
Sign,Enchant,Interact,"lundi 19 aot 2013 10 h 05 CEST","Nintori",500,money,$,"Nintori",500,money,$,"world",9175,73,9550,
Sign,Repair,Interact,"lundi 19 aot 2013 10 h 50 CEST","Nintori","","","","Nintori",100,money,$,"world",9175,72,9550,
Sign,Repair,Interact,"lundi 19 aot 2013 10 h 50 CEST","Nintori","","","","Nintori",100,money,$,"world",9175,72,9550,
Sign,Repair,Interact,"lundi 19 aot 2013 13 h 04 CEST","Nintori","","","","Nintori",100,money,$,"world",9175,72,9550,
Sign,Enchant,Interact,"lundi 19 aot 2013 13 h 04 CEST","Nintori",500,money,$,"Nintori",500,money,$,"world",9175,73,9550,
Sign,Enchant,Interact,"lundi 19 aot 2013 13 h 18 CEST","Evil_Dante",500,money,$,"Evil_Dante",500,money,$,"world",9175,73,9550,
Sign,Repair,Interact,"lundi 19 aot 2013 13 h 18 CEST","Evil_Dante","","","","Evil_Dante",100,money,$,"world",9175,72,9550,
Sign,Repair,Interact,"lundi 19 aot 2013 13 h 20 CEST","Nintori","","","","Nintori",100,money,$,"world",9175,72,9550,
Sign,Repair,Interact,"lundi 19 aot 2013 13 h 28 CEST","Evil_Dante","","","","Evil_Dante",100,money,$,"world",9175,72,9550,
Sign,Repair,Interact,"lundi 19 aot 2013 14 h 47 CEST","Nintori","","","","Nintori",100,money,$,"world",9175,72,9550,
Sign,Warp,Interact,"lundi 19 aot 2013 18 h 53 CEST","Alan0068","","","","Alan0068",,"world",9189,72,9545,
Sign,Warp,Interact,"lundi 19 aot 2013 22 h 19 CEST","vador24","","","","vador24",,"world",9189,72,9545,
Sign,TimeDay,Interact,"lundi 19 aot 2013 22 h 19 CEST","vador24","","","","vador24",10,money,$,"plotworld",-2,70,0,
Sign,Repair,Interact,"mardi 20 aot 2013 12 h 36 CEST","Evil_Dante","","","","Evil_Dante",100,money,$,"world",9175,72,9550,
Sign,Repair,Interact,"mardi 20 aot 2013 13 h 40 CEST","Evil_Dante","","","","Evil_Dante",100,money,$,"world",9175,72,9550,
Sign,Repair,Interact,"mardi 20 aot 2013 13 h 40 CEST","Mireio","","","","Mireio",100,money,$,"world",9175,72,9550,
Sign,Warp,Interact,"mercredi 21 aot 2013 01 h 14 CEST","Jonnyboy","","","","Jonnyboy",,"world",9189,72,9545,
Sign,Repair,Interact,"mercredi 21 aot 2013 12 h 00 CEST","vekich","","","","vekich",100,money,$,"world",9175,72,9550,
Sign,Repair,Interact,"mercredi 21 aot 2013 12 h 03 CEST","Evil_Dante","","","","Evil_Dante",100,money,$,"world",9175,72,9550,
Sign,Repair,Interact,"mercredi 21 aot 2013 18 h 20 CEST","vekich","","","","vekich",100,money,$,"world",9175,72,9550,
Sign,Enchant,Interact,"mercredi 21 aot 2013 18 h 21 CEST","vekich",500,money,$,"vekich",500,money,$,"world",9175,73,9550,
Sign,Spawnmob,Interact,"mercredi 21 aot 2013 18 h 21 CEST","vekich","","","","vekich",50,money,$,"world",9175,72,9549,
Sign,Repair,Interact,"jeudi 22 aot 2013 04 h 12 CEST","Evil_Dante","","","","Evil_Dante",100,money,$,"world",9175,72,9550,
Sign,Enchant,Interact,"jeudi 22 aot 2013 04 h 13 CEST","Evil_Dante",500,money,$,"Evil_Dante",500,money,$,"world",9175,73,9550,
Sign,Repair,Interact,"jeudi 22 aot 2013 04 h 44 CEST","Nxen","","","","Nxen",100,money,$,"world",9175,72,9550,
Sign,Repair,Interact,"jeudi 22 aot 2013 04 h 55 CEST","Evil_Dante","","","","Evil_Dante",100,money,$,"world",9175,72,9550,
Sign,Enchant,Interact,"jeudi 22 aot 2013 04 h 56 CEST","Evil_Dante",500,money,$,"Evil_Dante",500,money,$,"world",9175,73,9550,
Sign,Warp,Interact,"jeudi 22 aot 2013 12 h 26 CEST","chikencrap","","","","chikencrap",,"world",9189,72,9545,
Sign,Warp,Interact,"jeudi 22 aot 2013 12 h 30 CEST","chikencrap","","","","chikencrap",,"world",9189,72,9545,
Sign,Enchant,Interact,"jeudi 22 aot 2013 12 h 46 CEST","SLC987",500,money,$,"SLC987",500,money,$,"world",9175,73,9550,
Sign,Repair,Interact,"jeudi 22 aot 2013 20 h 09 CEST","Nxen","","","","Nxen",100,money,$,"world",9175,72,9550,
Sign,Repair,Interact,"vendredi 23 aot 2013 01 h 41 CEST","Evil_Dante","","","","Evil_Dante",100,money,$,"world",9175,72,9550,
Sign,Repair,Interact,"vendredi 23 aot 2013 01 h 57 CEST","Nxen","","","","Nxen",100,money,$,"world",9175,72,9550,
