Tue Jun 04 21:45:53 CEST 2013: cratererapace8 advertised server(s) (¤cJeu en cours . (25/1337))  - message: 'hg.api-d.com:25566'
Tue Jun 04 21:46:16 CEST 2013: cratererapace8 advertised server(s) (¤cJeu en cours . (25/1337))  - message: 'hg.api-d.com:25566'
Wed Jun 05 10:37:57 CEST 2013: TheSmiley59 advertised server(s) (¤b¤lLord Of Universe¤d¤l | ¤4¤lPVP-RBF¤d¤l | ¤a¤lSky-Universe         ¤e¤l<<< Rejoins-nous ! (31/500))  - message: 'mc-sky.redbirdfusion.com'
Wed Jun 05 16:00:04 CEST 2013: RaZe_Pamaaj advertised server(s) (¤eCa commence dans ........  3 minutes !!  (27/1337))  - message: 'hg.api-d.com:25566'
Wed Jun 05 16:51:45 CEST 2013: decapitman1999 advertised server(s) (¤eCa commence dans ........  34 seconds !!  (29/1337))  - message: 'the hunger games now is hg.api-d.com:25566'
Wed Jun 05 18:20:26 CEST 2013: SoyKabra advertised server(s) (¤cJeu en cours . (26/1337))  - message: 'mtn c hg.api-d.com:25566'
Wed Jun 05 18:20:40 CEST 2013: Nicro advertised server(s) (Serveur pvp de newmine ==> hg sur hg.api-d.com:25566 (9/200))  - message: 'non pour moi c'est hg.api-d.com'
Fri Jun 07 17:41:11 CEST 2013: ChiefChirpa advertised server(s) (Serveur pvp de newmine [BETA] (9/200))  - message: 'hg.api-d.com'
Fri Jun 07 21:04:23 CEST 2013: phenixos advertised server(s) (bienvenue sur mineland (4/999))  - message: 'srv14.minecraft-mania.fr:26957 venez tous sur serveur pvp faction event il vien tout juste d'ouvrir'
Sat Jun 08 03:44:09 CEST 2013: CannonGamer advertised server(s) (Serveur pvp de newmine [BETA] (4/200))  - message: 'hg.api-d.com:'
Sun Jun 09 17:57:52 CEST 2013: Nicro advertised server(s) (Serveur pvp de newmine [BETA] (8/200))  - message: 'les gars svp c'est quoi maintenant l'ip du serv hg ? normalement c'est hg.api-d.com et c'est ce serv'
Sun Jun 09 22:52:12 CEST 2013: lukfeliz advertised server(s) (¤cJeu en cours . (26/1337))  - message: 'hg.api-d.com:25566'
Mon Jun 10 21:14:42 CEST 2013: mat299506 advertised server(s) (Sur MediumCraft (1/1000))  - message: 'venez sur serveur srv4.minecraft-mania.fr:26648'
Sun Jun 16 17:42:34 CEST 2013: legolas38530 advertised server(s) (TheKingPvP (3/200))  - message: '88.170.93.56:25565 venai tous'
Mon Jun 17 16:15:56 CEST 2013: antonyot advertised server(s) (Serveur pvp de newmine [BETA] (6/543210))  - message: 'pvp.api-d.com'
Tue Jun 18 19:46:02 CEST 2013: darkdydy advertised server(s) (¤6 [1.5.2]  ¤b ~GeekCrafter~  ¤d [PvP/Faction/Semi-Rp] (4/50))  - message: 'ip: geekcrafter.omgcraft.fr:10999'
Sat Jun 22 19:46:10 CEST 2013: MrPorteEnBois advertised server(s) (Serveur DivisioCube: 1.5.2 ---> divisiocube.com (0/50)) (Serveur DivisioCube: 1.5.2 ---> divisiocube.com (0/50)) (Serveur DivisioCube: 1.5.2 ---> divisiocube.com (0/50)) (Serveur DivisioCube: 1.5.2 ---> divisiocube.com (0/50))  - message: 'craft4.ni-craft.fr:25649 craft4.ni-craft.fr:25649 craft4.ni-craft.fr:25649 craft4.ni-craft.fr:25649'
Sun Jun 23 21:12:13 CEST 2013: Pettigrow advertised server(s) (Hunger Games en cours (3/150))  - message: '6.minecraft-HG.net'
Tue Jun 25 12:00:10 CEST 2013: Azetor advertised server(s) (Serveur pvp de newmine [BETA] (7/543210))  - message: 'hg.api-d.com'
Thu Jun 27 12:49:33 CEST 2013: gabin07 advertised server(s) (Â§1Hungercraft Â§cPVPÂ§r/Â§aFactionÂ§fÂ§n1.5.2 (2/1500))  - message: 'Venez sur ce serv ya des garnd youtuber hungercraft.omgcraft.fr:10219'
Thu Jun 27 20:41:47 CEST 2013: Gabmancube advertised server(s) (Fallen kingdoms : [CRATERERAPACE8,DONUTS,GABMANCUBE,EYESOFCREEPER] (2/20))  - message: 'pvp.api-d.com:25567'
Fri Jun 28 01:43:27 CEST 2013: Matchuka advertised server(s) (Â§f| Â§3AtironCraftÂ§f |Â§6 PvP/Faction Â§f| Â§2[1.5.2]Â§f | Â§4GReOuverture ! (0/200))  - message: 'serv.atironcraft.net'
Fri Jun 28 16:54:25 CEST 2013: Gumknuckles advertised server(s) (Bienvenue sur WarsCraft [Pvp/Faction] (0/4))  - message: 'Les mecs go sur minecraft13.omgserv.com:10233 Vite les gens staff de ouf je suis fonda !!'
Sat Jun 29 10:37:40 CEST 2013: Mathieu1989 advertised server(s) (Â§4Bienvenue Â§1sur Â§eSaperiacraftÂ§k! (3/50))  - message: '88.191.234.80:25865.'
Tue Jul 02 16:10:27 CEST 2013: Robin73 advertised server(s) (Â§7[Â§4Â§lPactifyÂ§fÂ§lCraftÂ§7] Â§6PvP / Factions (562/800))  - message: 'oui mais vas sur pactify si tu es le boss la bas ok mais la ip : pactify.fr'
Wed Jul 03 16:54:18 CEST 2013: Mathieu1989 advertised server(s) (Â§4Bienvenue Â§1sur Â§eSaperiacraftÂ§k! (5/50))  - message: '88.191.234.80:25865'
Thu Jul 04 22:20:43 CEST 2013: alexd124641 advertised server(s) (Serveur pvp de newmine [V1] (9/500))  - message: 'ip du serv : hg.api-d.com'
Tue Jul 09 10:53:00 CEST 2013: flamme28 advertised server(s) (Bienvenue sur WarsCraft (6/999))  - message: 'vener sur srv26.minecraft-mania.fr:29201'
Wed Jul 10 10:46:49 CEST 2013: SkyriNoZz advertised server(s) (Â§fServeurÂ§4 PvPÂ§f/Â§5FactionÂ§f/Â§1EventÂ§f/Â§eMini-Jeux        Â§f/Â§cBientot Free-Build (1/20))  - message: 'ses 88.191.237.130:25830'
Fri Jul 12 11:03:33 CEST 2013: rugard advertised server(s) (Astra-Craft : PVP/FACTION (1/100))  - message: 'nouveau serveur pvp faction astra-craft.omgcraft.fr:10183'
Sat Jul 13 05:17:03 CEST 2013: chsag3 advertised server(s) (Serveur pvp de newmine [V1] (2/500))  - message: 'hg.api-d.com'
Tue Jul 23 17:01:56 CEST 2013: turret001 advertised server(s) (Â§6Far-Away-Craft|Â§3Serveur Â§4PVP/FACTION et Â§1Semi-rp! 1.5.2 ACCEPT CRACK (6/999))  - message: 'vene dans ce serveur IP:bloodcraft.mcserv.org:27135'
Wed Aug 14 23:10:12 CEST 2013: loshermanos advertised server(s) (Â§2Game starting in 1 minute (26/50))  - message: 'tenta o hg.minebr.com.br:12000'
Fri Aug 16 22:03:31 CEST 2013: pomtruduq advertised server(s) (Â§6[1.6.2] Â§c[Â§lÂ§4NewCubeÂ§lÂ§c] (5/100))  - message: 'Serveur de Merde vener sur ce serveur bien NewCube.mcraft.fr:27048'
